Using pre-set license

 COMMAND LINE ARGUMENTS:
/Applications/Unity/Hub/Editor/2020.3.15f2/Unity.app/Contents/MacOS/Unity
-adb2
-batchMode
-noUpm
-name
AssetImportWorker0
-projectPath
/Users/yosephkim/mac_gameDev_C#/MotionTest_Playable
-logFile
Logs/AssetImportWorker0.log
-srvPort
49200
Successfully changed project path to: /Users/yosephkim/mac_gameDev_C#/MotionTest_Playable
/Users/yosephkim/mac_gameDev_C#/MotionTest_Playable
Using Asset Import Pipeline V2.
Refreshing native plugins compatible for Editor in 64.75 ms, found 2 plugins.
Preloading 0 native plugins for Editor in 0.00 ms.
Initialize engine version: 2020.3.15f2 (6cf78cb77498)
[Subsystems] Discovering subsystems at path /Applications/Unity/Hub/Editor/2020.3.15f2/Unity.app/Contents/Resources/UnitySubsystems
[Subsystems] Discovering subsystems at path /Users/yosephkim/mac_gameDev_C#/MotionTest_Playable/Assets
GfxDevice: creating device client; threaded=0
2022-03-11 20:15:25.605 Unity[1534:20976] Color LCD preferred device: Intel(R) UHD Graphics 630 (low power)
2022-03-11 20:15:25.605 Unity[1534:20976] Metal devices available: 2
2022-03-11 20:15:25.605 Unity[1534:20976] 0: AMD Radeon Pro 5300M (high power)
2022-03-11 20:15:25.605 Unity[1534:20976] 1: Intel(R) UHD Graphics 630 (low power)
2022-03-11 20:15:25.605 Unity[1534:20976] Using device AMD Radeon Pro 5300M (high power)
Initializing Metal device caps: AMD Radeon Pro 5300M
Initialize mono
Mono path[0] = '/Applications/Unity/Hub/Editor/2020.3.15f2/Unity.app/Contents/Managed'
Mono path[1] = '/Applications/Unity/Hub/Editor/2020.3.15f2/Unity.app/Contents/MonoBleedingEdge/lib/mono/unityjit'
Mono config path = '/Applications/Unity/Hub/Editor/2020.3.15f2/Unity.app/Contents/MonoBleedingEdge/etc'
Using monoOptions --debugger-agent=transport=dt_socket,embedding=1,server=y,suspend=n,address=127.0.0.1:56534
Begin MonoManager ReloadAssembly
Registering precompiled unity dll's ...
Register platform support module: /Applications/Unity/Hub/Editor/2020.3.15f2/PlaybackEngines/WebGLSupport/UnityEditor.WebGL.Extensions.dll
Register platform support module: /Applications/Unity/Hub/Editor/2020.3.15f2/Unity.app/Contents/PlaybackEngines/MacStandaloneSupport/UnityEditor.OSXStandalone.Extensions.dll
Registered in 0.002063 seconds.
Native extension for OSXStandalone target not found
Native extension for WebGL target not found
Refreshing native plugins compatible for Editor in 56.13 ms, found 2 plugins.
Preloading 0 native plugins for Editor in 0.00 ms.
Mono: successfully reloaded assembly
- Completed reload, in  2.323 seconds
Domain Reload Profiling:
	ReloadAssembly (2324ms)
		BeginReloadAssembly (33ms)
			ExecutionOrderSort (0ms)
			DisableScriptedObjects (0ms)
			BackupInstance (0ms)
			ReleaseScriptingObjects (0ms)
			CreateAndSetChildDomain (1ms)
		EndReloadAssembly (475ms)
			LoadAssemblies (34ms)
			RebuildTransferFunctionScriptingTraits (0ms)
			SetupTypeCache (181ms)
			ReleaseScriptCaches (0ms)
			RebuildScriptCaches (37ms)
			SetupLoadedEditorAssemblies (204ms)
				LogAssemblyErrors (0ms)
				InitializePlatformSupportModulesInManaged (4ms)
				SetLoadedEditorAssemblies (0ms)
				RefreshPlugins (56ms)
				BeforeProcessingInitializeOnLoad (26ms)
				ProcessInitializeOnLoadAttributes (90ms)
				ProcessInitializeOnLoadMethodAttributes (28ms)
				AfterProcessingInitializeOnLoad (0ms)
				EditorAssembliesLoaded (0ms)
			ExecutionOrderSort2 (0ms)
			AwakeInstancesAfterBackupRestoration (0ms)
Platform modules already initialized, skipping
Registering precompiled user dll's ...
Registered in 0.004414 seconds.
Begin MonoManager ReloadAssembly
Native extension for OSXStandalone target not found
Native extension for WebGL target not found
Refreshing native plugins compatible for Editor in 0.69 ms, found 2 plugins.
Preloading 0 native plugins for Editor in 0.00 ms.
Mono: successfully reloaded assembly
- Completed reload, in  1.049 seconds
Domain Reload Profiling:
	ReloadAssembly (1050ms)
		BeginReloadAssembly (133ms)
			ExecutionOrderSort (0ms)
			DisableScriptedObjects (5ms)
			BackupInstance (0ms)
			ReleaseScriptingObjects (0ms)
			CreateAndSetChildDomain (20ms)
		EndReloadAssembly (855ms)
			LoadAssemblies (77ms)
			RebuildTransferFunctionScriptingTraits (0ms)
			SetupTypeCache (310ms)
			ReleaseScriptCaches (0ms)
			RebuildScriptCaches (54ms)
			SetupLoadedEditorAssemblies (297ms)
				LogAssemblyErrors (0ms)
				InitializePlatformSupportModulesInManaged (5ms)
				SetLoadedEditorAssemblies (0ms)
				RefreshPlugins (1ms)
				BeforeProcessingInitializeOnLoad (75ms)
				ProcessInitializeOnLoadAttributes (205ms)
				ProcessInitializeOnLoadMethodAttributes (10ms)
				AfterProcessingInitializeOnLoad (1ms)
				EditorAssembliesLoaded (0ms)
			ExecutionOrderSort2 (0ms)
			AwakeInstancesAfterBackupRestoration (7ms)
Platform modules already initialized, skipping
========================================================================
Worker process is ready to serve import requests
Launching external process: /Applications/Unity/Hub/Editor/2020.3.15f2/Unity.app/Contents/Tools/UnityShaderCompiler
Launched and connected shader compiler UnityShaderCompiler after 0.01 seconds
Refreshing native plugins compatible for Editor in 0.58 ms, found 2 plugins.
Preloading 0 native plugins for Editor in 0.00 ms.
Unloading 1613 Unused Serialized files (Serialized files now loaded: 0)
System memory in use before: 150.2 MB.
System memory in use after: 150.3 MB.

Unloading 19 unused Assets to reduce memory usage. Loaded Objects now: 2048.
Total: 1.847295 ms (FindLiveObjects: 0.158908 ms CreateObjectMapping: 0.047525 ms MarkObjects: 1.582051 ms  DeleteObjects: 0.058146 ms)

AssetImportParameters requested are different than current active one (requested -> active):
  custom:video-decoder-ogg-theora: a1e56fd34408186e4bbccfd4996cb3dc -> 
  custom:container-muxer-webm: aa71ff27fc2769a1b78a27578f13a17b -> 
  custom:container-demuxer-webm: 4f35f7cbe854078d1ac9338744f61a02 -> 
  custom:container-demuxer-ogg: 62fdf1f143b41e24485cea50d1cbac27 -> 
  custom:video-encoder-webm-vp8: eb34c28f22e8b96e1ab97ce403110664 -> 
  custom:framework-osx-AVFoundation: e770b220cccbd017edd2c1fefb359320 -> 
  custom:video-decoder-webm-vp8: 9c59270c3fd7afecdb556c50c9e8de78 -> 
  custom:audio-decoder-ogg-vorbis: bf7c407c2cedff20999df2af8eb42d56 -> 
  custom:audio-encoder-webm-vorbis: bf7c407c2cedff20999df2af8eb42d56 -> 
========================================================================
Received Import Request.
  path: Assets/Scenes/FinalBedScene.unity
  artifactKey: Guid(34f0c27c52a70a44c98834ed8c7633a1) Importer(815301076,1909f56bfc062723c751e8b465ee728b)
Start importing Assets/Scenes/FinalBedScene.unity using Guid(34f0c27c52a70a44c98834ed8c7633a1) Importer(815301076,1909f56bfc062723c751e8b465ee728b)  -> (artifact id: '3862ad42e8a573d5fd44beb3e93872ca') in 0.013949 seconds 
  Import took 0.022364 seconds .

========================================================================
Received Import Request.
  Time since last request: 4.323537 seconds.
  path: Assets/Scenes/WolfAttack_LowAngle.unity
  artifactKey: Guid(4ce44a8e636d3d04d9bb2ee4bdc35425) Importer(815301076,1909f56bfc062723c751e8b465ee728b)
Start importing Assets/Scenes/WolfAttack_LowAngle.unity using Guid(4ce44a8e636d3d04d9bb2ee4bdc35425) Importer(815301076,1909f56bfc062723c751e8b465ee728b)  -> (artifact id: '5de4428fb88d875f72bdacf5eb3a479e') in 0.002031 seconds 
  Import took 0.004863 seconds .

========================================================================
Received Import Request.
  Time since last request: 0.000536 seconds.
  path: Assets/Scenes/WolfAttack_LowAngle.unity
  artifactKey: Guid(4ce44a8e636d3d04d9bb2ee4bdc35425) Importer(815301076,1909f56bfc062723c751e8b465ee728b)
Start importing Assets/Scenes/WolfAttack_LowAngle.unity using Guid(4ce44a8e636d3d04d9bb2ee4bdc35425) Importer(815301076,1909f56bfc062723c751e8b465ee728b)  -> (artifact id: '5de4428fb88d875f72bdacf5eb3a479e') in 0.000863 seconds 
  Import took 0.002965 seconds .

========================================================================
Received Import Request.
  Time since last request: 29.874607 seconds.
  path: Assets/Scenes/WolfAttack_TopDown
  artifactKey: Guid(01feb2ae2eaa6f64582a8ebe847aa7d3) Importer(815301076,1909f56bfc062723c751e8b465ee728b)
Start importing Assets/Scenes/WolfAttack_TopDown using Guid(01feb2ae2eaa6f64582a8ebe847aa7d3) Importer(815301076,1909f56bfc062723c751e8b465ee728b)  -> (artifact id: '3f4c5fbfa51ff56c208580b1890e6c62') in 0.003227 seconds 
  Import took 0.006444 seconds .

========================================================================
Received Import Request.
  Time since last request: 0.000366 seconds.
  path: Assets/Scenes/WolfAttack_TopDown
  artifactKey: Guid(01feb2ae2eaa6f64582a8ebe847aa7d3) Importer(815301076,1909f56bfc062723c751e8b465ee728b)
Start importing Assets/Scenes/WolfAttack_TopDown using Guid(01feb2ae2eaa6f64582a8ebe847aa7d3) Importer(815301076,1909f56bfc062723c751e8b465ee728b)  -> (artifact id: '3f4c5fbfa51ff56c208580b1890e6c62') in 0.000640 seconds 
  Import took 0.002738 seconds .

========================================================================
Received Import Request.
  Time since last request: 0.072648 seconds.
  path: Assets/Scenes/WolfAttack_TopDown/LightingData.asset
  artifactKey: Guid(d5e60df1c98fe144391a90cf8fc35ce1) Importer(815301076,1909f56bfc062723c751e8b465ee728b)
Start importing Assets/Scenes/WolfAttack_TopDown/LightingData.asset using Guid(d5e60df1c98fe144391a90cf8fc35ce1) Importer(815301076,1909f56bfc062723c751e8b465ee728b)  -> (artifact id: '7105ae7f3c36975e5158ea870d533036') in 0.830457 seconds 
  Import took 0.833445 seconds .

========================================================================
Received Import Request.
  Time since last request: 0.000140 seconds.
  path: Assets/Scenes/WolfAttack_TopDown/Lightmap-0_comp_light.exr
  artifactKey: Guid(a685dd4d5f8746f44924c3411220e3f4) Importer(815301076,1909f56bfc062723c751e8b465ee728b)
Start importing Assets/Scenes/WolfAttack_TopDown/Lightmap-0_comp_light.exr using Guid(a685dd4d5f8746f44924c3411220e3f4) Importer(815301076,1909f56bfc062723c751e8b465ee728b)  -> (artifact id: '9a4116defffddcf79784eeaaae5466be') in 1.168952 seconds 
  Import took 1.171987 seconds .

========================================================================
Received Import Request.
  Time since last request: 0.000154 seconds.
  path: Assets/Scenes/WolfAttack_TopDown/ReflectionProbe-0.exr
  artifactKey: Guid(d9bb3f411cfe4e142b8e8cac6c82a006) Importer(815301076,1909f56bfc062723c751e8b465ee728b)
Start importing Assets/Scenes/WolfAttack_TopDown/ReflectionProbe-0.exr using Guid(d9bb3f411cfe4e142b8e8cac6c82a006) Importer(815301076,1909f56bfc062723c751e8b465ee728b)  -> (artifact id: '12fba4f5e2334b7d3e9d95f7ef83115e') in 0.100035 seconds 
  Import took 0.102884 seconds .

========================================================================
Received Import Request.
  Time since last request: 0.000157 seconds.
  path: Assets/Scenes/WolfAttack_TopDown/Lightmap-0_comp_dir.png
  artifactKey: Guid(128d9132152b65642b0b9cf859423fcc) Importer(815301076,1909f56bfc062723c751e8b465ee728b)
Start importing Assets/Scenes/WolfAttack_TopDown/Lightmap-0_comp_dir.png using Guid(128d9132152b65642b0b9cf859423fcc) Importer(815301076,1909f56bfc062723c751e8b465ee728b)  -> (artifact id: 'aa1162e6508df6f8c88fe8644a01e038') in 0.642460 seconds 
  Import took 0.645206 seconds .

========================================================================
Received Import Request.
  Time since last request: 0.000153 seconds.
  path: Assets/Scenes/WolfAttack_TopDown/Lightmap-0_comp_shadowmask.png
  artifactKey: Guid(3b6697df9c3db464892b790f4d80c32c) Importer(815301076,1909f56bfc062723c751e8b465ee728b)
Start importing Assets/Scenes/WolfAttack_TopDown/Lightmap-0_comp_shadowmask.png using Guid(3b6697df9c3db464892b790f4d80c32c) Importer(815301076,1909f56bfc062723c751e8b465ee728b)  -> (artifact id: '8c5556485e367749855b6b360884bfbb') in 0.019823 seconds 
  Import took 0.022856 seconds .

========================================================================
Received Import Request.
  Time since last request: 0.000244 seconds.
  path: Assets/Scenes/WolfAttack_TopDown/NavMesh.asset
  artifactKey: Guid(04b1a0c3428fce54ca189b502741a718) Importer(815301076,1909f56bfc062723c751e8b465ee728b)
Start importing Assets/Scenes/WolfAttack_TopDown/NavMesh.asset using Guid(04b1a0c3428fce54ca189b502741a718) Importer(815301076,1909f56bfc062723c751e8b465ee728b)  -> (artifact id: '78d1767b98036d5b05c9d61ea7be8007') in 0.003003 seconds 
  Import took 0.007984 seconds .

========================================================================
Received Import Request.
  Time since last request: 10.880739 seconds.
  path: Assets/Scenes/WolfAttack_TopDown.unity
  artifactKey: Guid(ca59cc44de60db24ebba4b09d902d1d2) Importer(815301076,1909f56bfc062723c751e8b465ee728b)
Start importing Assets/Scenes/WolfAttack_TopDown.unity using Guid(ca59cc44de60db24ebba4b09d902d1d2) Importer(815301076,1909f56bfc062723c751e8b465ee728b)  -> (artifact id: 'c7817125f2beea79de228012fdd9bfce') in 0.002287 seconds 
  Import took 0.005911 seconds .

========================================================================
Received Import Request.
  Time since last request: 0.000465 seconds.
  path: Assets/Scenes/WolfAttack_TopDown.unity
  artifactKey: Guid(ca59cc44de60db24ebba4b09d902d1d2) Importer(815301076,1909f56bfc062723c751e8b465ee728b)
Start importing Assets/Scenes/WolfAttack_TopDown.unity using Guid(ca59cc44de60db24ebba4b09d902d1d2) Importer(815301076,1909f56bfc062723c751e8b465ee728b)  -> (artifact id: 'c7817125f2beea79de228012fdd9bfce') in 0.000905 seconds 
  Import took 0.003455 seconds .

========================================================================
Received Import Request.
  Time since last request: 117.592413 seconds.
  path: Assets/WolfAttak_BossEmerge.unity
  artifactKey: Guid(2f0f814b268d144d38a20cd13ea06b15) Importer(815301076,1909f56bfc062723c751e8b465ee728b)
Start importing Assets/WolfAttak_BossEmerge.unity using Guid(2f0f814b268d144d38a20cd13ea06b15) Importer(815301076,1909f56bfc062723c751e8b465ee728b)  -> (artifact id: '70f2d413994f6c8420ee84b2e457a0ca') in 0.007683 seconds 
  Import took 0.010920 seconds .

========================================================================
Received Import Request.
  Time since last request: 84.338600 seconds.
  path: Assets/Script
  artifactKey: Guid(b8539ac95092c4f64a510915f31e4772) Importer(815301076,1909f56bfc062723c751e8b465ee728b)
Start importing Assets/Script using Guid(b8539ac95092c4f64a510915f31e4772) Importer(815301076,1909f56bfc062723c751e8b465ee728b)  -> (artifact id: 'fd13eea10f948471665e3893f447dca5') in 0.003760 seconds 
  Import took 0.007149 seconds .

========================================================================
Received Import Request.
  Time since last request: 0.002728 seconds.
  path: Assets/Script
  artifactKey: Guid(b8539ac95092c4f64a510915f31e4772) Importer(815301076,1909f56bfc062723c751e8b465ee728b)
Start importing Assets/Script using Guid(b8539ac95092c4f64a510915f31e4772) Importer(815301076,1909f56bfc062723c751e8b465ee728b)  -> (artifact id: 'fd13eea10f948471665e3893f447dca5') in 0.002158 seconds 
  Import took 0.006198 seconds .

========================================================================
Received Import Request.
  Time since last request: 2.313832 seconds.
  path: Assets/CharacterHPScript.cs
  artifactKey: Guid(050f7dfaa5d450e4fb8c9df62232bca1) Importer(815301076,1909f56bfc062723c751e8b465ee728b)
Start importing Assets/CharacterHPScript.cs using Guid(050f7dfaa5d450e4fb8c9df62232bca1) Importer(815301076,1909f56bfc062723c751e8b465ee728b)  -> (artifact id: '58130329ddc1eaeeb3cfb5f3162f1800') in 0.222161 seconds 
  Import took 0.226006 seconds .

========================================================================
Received Import Request.
  Time since last request: 1.788318 seconds.
  path: Assets/DefenseCharacterScript.cs
  artifactKey: Guid(114f133b9132ba04db60e633421c9bbf) Importer(815301076,1909f56bfc062723c751e8b465ee728b)
Start importing Assets/DefenseCharacterScript.cs using Guid(114f133b9132ba04db60e633421c9bbf) Importer(815301076,1909f56bfc062723c751e8b465ee728b)  -> (artifact id: '8184367c3743eff08b52b0d5af518bd9') in 0.006913 seconds 
  Import took 0.011053 seconds .

========================================================================
Received Import Request.
  Time since last request: 0.000911 seconds.
  path: Assets/DefenseCharacterScript.cs
  artifactKey: Guid(114f133b9132ba04db60e633421c9bbf) Importer(815301076,1909f56bfc062723c751e8b465ee728b)
Start importing Assets/DefenseCharacterScript.cs using Guid(114f133b9132ba04db60e633421c9bbf) Importer(815301076,1909f56bfc062723c751e8b465ee728b)  -> (artifact id: '8184367c3743eff08b52b0d5af518bd9') in 0.004013 seconds 
  Import took 0.007163 seconds .

========================================================================
Received Import Request.
  Time since last request: 8.559799 seconds.
  path: Assets/Movement3D.cs
  artifactKey: Guid(c1b7e41009dcc8345a5cb8fd4d70e53b) Importer(815301076,1909f56bfc062723c751e8b465ee728b)
Start importing Assets/Movement3D.cs using Guid(c1b7e41009dcc8345a5cb8fd4d70e53b) Importer(815301076,1909f56bfc062723c751e8b465ee728b)  -> (artifact id: '31449e040eb8f60ec0f987755c05046c') in 0.005886 seconds 
  Import took 0.009736 seconds .

========================================================================
Received Import Request.
  Time since last request: 3.440867 seconds.
  path: Assets/PptStartScript.cs
  artifactKey: Guid(2e860d0e3024eac4d866e73023cdd60a) Importer(815301076,1909f56bfc062723c751e8b465ee728b)
Start importing Assets/PptStartScript.cs using Guid(2e860d0e3024eac4d866e73023cdd60a) Importer(815301076,1909f56bfc062723c751e8b465ee728b)  -> (artifact id: '0609f07565c4c4aa555e608f7f0637a9') in 0.005974 seconds 
  Import took 0.010402 seconds .

========================================================================
Received Import Request.
  Time since last request: 6.775118 seconds.
  path: Assets/WallCharactorAnimationScript.cs
  artifactKey: Guid(76ef5faf490b4c3499070e1ba46ed46f) Importer(815301076,1909f56bfc062723c751e8b465ee728b)
Start importing Assets/WallCharactorAnimationScript.cs using Guid(76ef5faf490b4c3499070e1ba46ed46f) Importer(815301076,1909f56bfc062723c751e8b465ee728b)  -> (artifact id: 'd3cb91d2a6607d3b9d9add15144750ad') in 0.005167 seconds 
  Import took 0.008892 seconds .

========================================================================
Received Import Request.
  Time since last request: 0.000436 seconds.
  path: Assets/WallCharactorAnimationScript.cs
  artifactKey: Guid(76ef5faf490b4c3499070e1ba46ed46f) Importer(815301076,1909f56bfc062723c751e8b465ee728b)
Start importing Assets/WallCharactorAnimationScript.cs using Guid(76ef5faf490b4c3499070e1ba46ed46f) Importer(815301076,1909f56bfc062723c751e8b465ee728b)  -> (artifact id: 'd3cb91d2a6607d3b9d9add15144750ad') in 0.005682 seconds 
  Import took 0.008689 seconds .

========================================================================
Received Prepare
Registering precompiled user dll's ...
Registered in 0.003442 seconds.
Begin MonoManager ReloadAssembly
Native extension for OSXStandalone target not found
Native extension for WebGL target not found
Refreshing native plugins compatible for Editor in 0.63 ms, found 2 plugins.
Preloading 0 native plugins for Editor in 0.00 ms.
Mono: successfully reloaded assembly
- Completed reload, in  1.147 seconds
Domain Reload Profiling:
	ReloadAssembly (1148ms)
		BeginReloadAssembly (134ms)
			ExecutionOrderSort (0ms)
			DisableScriptedObjects (6ms)
			BackupInstance (0ms)
			ReleaseScriptingObjects (0ms)
			CreateAndSetChildDomain (73ms)
		EndReloadAssembly (947ms)
			LoadAssemblies (72ms)
			RebuildTransferFunctionScriptingTraits (0ms)
			SetupTypeCache (418ms)
			ReleaseScriptCaches (1ms)
			RebuildScriptCaches (49ms)
			SetupLoadedEditorAssemblies (284ms)
				LogAssemblyErrors (0ms)
				InitializePlatformSupportModulesInManaged (6ms)
				SetLoadedEditorAssemblies (0ms)
				RefreshPlugins (1ms)
				BeforeProcessingInitializeOnLoad (68ms)
				ProcessInitializeOnLoadAttributes (199ms)
				ProcessInitializeOnLoadMethodAttributes (8ms)
				AfterProcessingInitializeOnLoad (1ms)
				EditorAssembliesLoaded (0ms)
			ExecutionOrderSort2 (0ms)
			AwakeInstancesAfterBackupRestoration (7ms)
Platform modules already initialized, skipping
Refreshing native plugins compatible for Editor in 0.62 ms, found 2 plugins.
Preloading 0 native plugins for Editor in 0.00 ms.
Unloading 1591 Unused Serialized files (Serialized files now loaded: 0)
System memory in use before: 169.4 MB.
System memory in use after: 169.5 MB.

Unloading 14 unused Assets to reduce memory usage. Loaded Objects now: 2087.
Total: 1.897728 ms (FindLiveObjects: 0.222805 ms CreateObjectMapping: 0.050565 ms MarkObjects: 1.600365 ms  DeleteObjects: 0.022993 ms)

AssetImportParameters requested are different than current active one (requested -> active):
  custom:video-decoder-ogg-theora: a1e56fd34408186e4bbccfd4996cb3dc -> 
  custom:container-muxer-webm: aa71ff27fc2769a1b78a27578f13a17b -> 
  custom:container-demuxer-webm: 4f35f7cbe854078d1ac9338744f61a02 -> 
  custom:container-demuxer-ogg: 62fdf1f143b41e24485cea50d1cbac27 -> 
  custom:video-encoder-webm-vp8: eb34c28f22e8b96e1ab97ce403110664 -> 
  custom:framework-osx-AVFoundation: e770b220cccbd017edd2c1fefb359320 -> 
  custom:video-decoder-webm-vp8: 9c59270c3fd7afecdb556c50c9e8de78 -> 
  custom:audio-decoder-ogg-vorbis: bf7c407c2cedff20999df2af8eb42d56 -> 
  custom:audio-encoder-webm-vorbis: bf7c407c2cedff20999df2af8eb42d56 -> 
========================================================================
Received Import Request.
  Time since last request: 47.021707 seconds.
  path: Assets/Scenes/BedSceneDoll 1/LightingData.asset
  artifactKey: Guid(dd8df3371945b0b42974caa3b3a8bc73) Importer(815301076,1909f56bfc062723c751e8b465ee728b)
Start importing Assets/Scenes/BedSceneDoll 1/LightingData.asset using Guid(dd8df3371945b0b42974caa3b3a8bc73) Importer(815301076,1909f56bfc062723c751e8b465ee728b)  -> (artifact id: '045526ef07bd91cd446348662be787be') in 0.017138 seconds 
  Import took 0.021246 seconds .

========================================================================
Received Import Request.
  Time since last request: 0.000235 seconds.
  path: Assets/Scenes/BedSceneDoll 1/NavMesh.asset
  artifactKey: Guid(e821f454eb7e9a747aa217d8b0f39819) Importer(815301076,1909f56bfc062723c751e8b465ee728b)
Start importing Assets/Scenes/BedSceneDoll 1/NavMesh.asset using Guid(e821f454eb7e9a747aa217d8b0f39819) Importer(815301076,1909f56bfc062723c751e8b465ee728b)  -> (artifact id: '472a0e55cb0e434231d8283636100c2a') in 0.004442 seconds 
  Import took 0.007794 seconds .

========================================================================
Received Import Request.
  Time since last request: 0.000279 seconds.
  path: Assets/Scenes/BedSceneDoll 1/Lightmap-0_comp_dir.png
  artifactKey: Guid(ba13a0112a95a934ea2fbbcb4ccfa9e2) Importer(815301076,1909f56bfc062723c751e8b465ee728b)
Start importing Assets/Scenes/BedSceneDoll 1/Lightmap-0_comp_dir.png using Guid(ba13a0112a95a934ea2fbbcb4ccfa9e2) Importer(815301076,1909f56bfc062723c751e8b465ee728b)  -> (artifact id: '3c596ecfcab6cc405bdca0a42d6dcab1') in 0.043583 seconds 
  Import took 0.047298 seconds .

========================================================================
Received Import Request.
  Time since last request: 0.000236 seconds.
  path: Assets/Scenes/BedSceneDoll 1/ReflectionProbe-0.exr
  artifactKey: Guid(fcb40d9e7acbbf44eb31abb11ecd525a) Importer(815301076,1909f56bfc062723c751e8b465ee728b)
Start importing Assets/Scenes/BedSceneDoll 1/ReflectionProbe-0.exr using Guid(fcb40d9e7acbbf44eb31abb11ecd525a) Importer(815301076,1909f56bfc062723c751e8b465ee728b)  -> (artifact id: '276c1d24effe78484a6a2efcf9b052a9') in 0.048572 seconds 
  Import took 0.052044 seconds .

========================================================================
Received Import Request.
  Time since last request: 0.000218 seconds.
  path: Assets/Scenes/BedSceneDoll 1/Lightmap-0_comp_shadowmask.png
  artifactKey: Guid(b07433d00dfd5d64380e998f6b15a3ba) Importer(815301076,1909f56bfc062723c751e8b465ee728b)
Start importing Assets/Scenes/BedSceneDoll 1/Lightmap-0_comp_shadowmask.png using Guid(b07433d00dfd5d64380e998f6b15a3ba) Importer(815301076,1909f56bfc062723c751e8b465ee728b)  -> (artifact id: '6964a51c7a5e915feb1e22e2ce127ce8') in 0.019516 seconds 
  Import took 0.023475 seconds .

========================================================================
Received Import Request.
  Time since last request: 0.000176 seconds.
  path: Assets/Scenes/BedSceneDoll 1/Lightmap-0_comp_light.exr
  artifactKey: Guid(9ee9a944a8ad63f45a337468a8747468) Importer(815301076,1909f56bfc062723c751e8b465ee728b)
Start importing Assets/Scenes/BedSceneDoll 1/Lightmap-0_comp_light.exr using Guid(9ee9a944a8ad63f45a337468a8747468) Importer(815301076,1909f56bfc062723c751e8b465ee728b)  -> (artifact id: '9c89f15253ce827cf36cb816af7d4d7c') in 0.012175 seconds 
  Import took 0.015168 seconds .

========================================================================
Received Import Request.
  Time since last request: 0.023874 seconds.
  path: Assets/Scenes/BedSceneDoll 1/Lightmap-0_comp_shadowmask.png
  artifactKey: Guid(b07433d00dfd5d64380e998f6b15a3ba) Importer(815301076,1909f56bfc062723c751e8b465ee728b)
Start importing Assets/Scenes/BedSceneDoll 1/Lightmap-0_comp_shadowmask.png using Guid(b07433d00dfd5d64380e998f6b15a3ba) Importer(815301076,1909f56bfc062723c751e8b465ee728b)  -> (artifact id: '6964a51c7a5e915feb1e22e2ce127ce8') in 0.014125 seconds 
  Import took 0.017072 seconds .

========================================================================
Received Import Request.
  Time since last request: 8.320482 seconds.
  path: Assets/polyperfect/Low Poly Animated Animals/- Prefabs/Animals/Bear.prefab
  artifactKey: Guid(fc3da0b1b2ade5f4b862ae549728831f) Importer(815301076,1909f56bfc062723c751e8b465ee728b)
Start importing Assets/polyperfect/Low Poly Animated Animals/- Prefabs/Animals/Bear.prefab using Guid(fc3da0b1b2ade5f4b862ae549728831f) Importer(815301076,1909f56bfc062723c751e8b465ee728b)  -> (artifact id: 'c81b098677fa1973a55a3856b733330d') in 1.149472 seconds 
  Import took 1.154132 seconds .

========================================================================
Received Import Request.
  Time since last request: 0.000219 seconds.
  path: Assets/polyperfect/Low Poly Animated Animals/- Prefabs/Animals/Cow Black-White.prefab
  artifactKey: Guid(8deda24c4237fd94db95aa127822ba3c) Importer(815301076,1909f56bfc062723c751e8b465ee728b)
Start importing Assets/polyperfect/Low Poly Animated Animals/- Prefabs/Animals/Cow Black-White.prefab using Guid(8deda24c4237fd94db95aa127822ba3c) Importer(815301076,1909f56bfc062723c751e8b465ee728b)  -> (artifact id: '79c61600f636b67be57fa7fe909633cf') in 0.150475 seconds 
  Import took 0.155195 seconds .

========================================================================
Received Import Request.
  Time since last request: 0.000171 seconds.
  path: Assets/polyperfect/Low Poly Animated Animals/- Prefabs/Animals/Dog-GreatDane Black.prefab
  artifactKey: Guid(2724ea9d48f53a64299a8e5616a496c8) Importer(815301076,1909f56bfc062723c751e8b465ee728b)
Start importing Assets/polyperfect/Low Poly Animated Animals/- Prefabs/Animals/Dog-GreatDane Black.prefab using Guid(2724ea9d48f53a64299a8e5616a496c8) Importer(815301076,1909f56bfc062723c751e8b465ee728b)  -> (artifact id: 'f1cd3009e360feb98ac645759e75c50a') in 0.059233 seconds 
  Import took 0.062653 seconds .

========================================================================
Received Import Request.
  Time since last request: 0.000169 seconds.
  path: Assets/polyperfect/Low Poly Animated Animals/- Prefabs/Animals/Horse Grey.prefab
  artifactKey: Guid(3d5455030e8b8484c959b12ec1ec124b) Importer(815301076,1909f56bfc062723c751e8b465ee728b)
Start importing Assets/polyperfect/Low Poly Animated Animals/- Prefabs/Animals/Horse Grey.prefab using Guid(3d5455030e8b8484c959b12ec1ec124b) Importer(815301076,1909f56bfc062723c751e8b465ee728b)  -> (artifact id: 'a6c5e58c0ff05f40f9c3fd58a3a3fa6b') in 0.093007 seconds 
  Import took 0.097415 seconds .

========================================================================
Received Import Request.
  Time since last request: 0.000199 seconds.
  path: Assets/polyperfect/Low Poly Animated Animals/- Prefabs/Animals/Gorilla Brown.prefab
  artifactKey: Guid(166de651131410845bbf9789550f6ea0) Importer(815301076,1909f56bfc062723c751e8b465ee728b)
Start importing Assets/polyperfect/Low Poly Animated Animals/- Prefabs/Animals/Gorilla Brown.prefab using Guid(166de651131410845bbf9789550f6ea0) Importer(815301076,1909f56bfc062723c751e8b465ee728b)  -> (artifact id: '26ca5a1bfe1344036fadbbb47a22123d') in 0.159589 seconds 
  Import took 0.164948 seconds .

========================================================================
Received Import Request.
  Time since last request: 0.000180 seconds.
  path: Assets/polyperfect/Low Poly Animated Animals/- Prefabs/Animals/Cat Orange.prefab
  artifactKey: Guid(7efd45947c60593499aa27f27b2fc943) Importer(815301076,1909f56bfc062723c751e8b465ee728b)
Start importing Assets/polyperfect/Low Poly Animated Animals/- Prefabs/Animals/Cat Orange.prefab using Guid(7efd45947c60593499aa27f27b2fc943) Importer(815301076,1909f56bfc062723c751e8b465ee728b)  -> (artifact id: '85ff1dea9c6101b3bbae1bf9b7674282') in 0.319255 seconds 
  Import took 0.326102 seconds .

========================================================================
Received Import Request.
  Time since last request: 0.000262 seconds.
  path: Assets/polyperfect/Low Poly Animated Animals/- Prefabs/Animals/Dog-GreatDane.prefab
  artifactKey: Guid(3530aa07ed1fa41bd899b6d9780d97ad) Importer(815301076,1909f56bfc062723c751e8b465ee728b)
Start importing Assets/polyperfect/Low Poly Animated Animals/- Prefabs/Animals/Dog-GreatDane.prefab using Guid(3530aa07ed1fa41bd899b6d9780d97ad) Importer(815301076,1909f56bfc062723c751e8b465ee728b)  -> (artifact id: '1f156a0bb9c657ca10241adb331bc2c9') in 0.054096 seconds 
  Import took 0.058563 seconds .

========================================================================
Received Import Request.
  Time since last request: 0.000208 seconds.
  path: Assets/polyperfect/Low Poly Animated Animals/- Prefabs/Animals/Horse Black.prefab
  artifactKey: Guid(c495d8b43fce1e94f8716eb35080cb91) Importer(815301076,1909f56bfc062723c751e8b465ee728b)
Start importing Assets/polyperfect/Low Poly Animated Animals/- Prefabs/Animals/Horse Black.prefab using Guid(c495d8b43fce1e94f8716eb35080cb91) Importer(815301076,1909f56bfc062723c751e8b465ee728b)  -> (artifact id: 'e76a85739b24ef083e1460f8799a3ec3') in 0.085825 seconds 
  Import took 0.091224 seconds .

========================================================================
Received Import Request.
  Time since last request: 0.000194 seconds.
  path: Assets/polyperfect/Low Poly Animated Animals/- Prefabs/Animals/Crocodile.prefab
  artifactKey: Guid(e0e6ac992a860c4468d220dfdd803cab) Importer(815301076,1909f56bfc062723c751e8b465ee728b)
Start importing Assets/polyperfect/Low Poly Animated Animals/- Prefabs/Animals/Crocodile.prefab using Guid(e0e6ac992a860c4468d220dfdd803cab) Importer(815301076,1909f56bfc062723c751e8b465ee728b)  -> (artifact id: '2340335fdd0fed6f003768ac8f35615a') in 0.279924 seconds 
  Import took 0.283836 seconds .

========================================================================
Received Import Request.
  Time since last request: 0.000192 seconds.
  path: Assets/polyperfect/Low Poly Animated Animals/- Prefabs/Animals/JellyFish White.prefab
  artifactKey: Guid(d3619d6268c1bec4d97ce2d4e8ceaec7) Importer(815301076,1909f56bfc062723c751e8b465ee728b)
Start importing Assets/polyperfect/Low Poly Animated Animals/- Prefabs/Animals/JellyFish White.prefab using Guid(d3619d6268c1bec4d97ce2d4e8ceaec7) Importer(815301076,1909f56bfc062723c751e8b465ee728b)  -> (artifact id: '15c8320de72fd556a648f954f6572c63') in 0.064658 seconds 
  Import took 0.067930 seconds .

========================================================================
Received Import Request.
  Time since last request: 0.000187 seconds.
  path: Assets/polyperfect/Low Poly Animated Animals/- Prefabs/Animals/Horse White.prefab
  artifactKey: Guid(c6a433e6f4854b345bc0e8a730197a94) Importer(815301076,1909f56bfc062723c751e8b465ee728b)
Start importing Assets/polyperfect/Low Poly Animated Animals/- Prefabs/Animals/Horse White.prefab using Guid(c6a433e6f4854b345bc0e8a730197a94) Importer(815301076,1909f56bfc062723c751e8b465ee728b)  -> (artifact id: 'a881e5194cdd936b6f740fa3f8623215') in 0.082925 seconds 
  Import took 0.087532 seconds .

========================================================================
Received Import Request.
  Time since last request: 0.000195 seconds.
  path: Assets/polyperfect/Low Poly Animated Animals/- Prefabs/Animals/Cat.prefab
  artifactKey: Guid(9aa610f370cd8454a90934998b7440ed) Importer(815301076,1909f56bfc062723c751e8b465ee728b)
Start importing Assets/polyperfect/Low Poly Animated Animals/- Prefabs/Animals/Cat.prefab using Guid(9aa610f370cd8454a90934998b7440ed) Importer(815301076,1909f56bfc062723c751e8b465ee728b)  -> (artifact id: '26378442a823f5e70700328c74d1f7a5') in 0.206444 seconds 
  Import took 0.211877 seconds .

========================================================================
Received Import Request.
  Time since last request: 0.000166 seconds.
  path: Assets/polyperfect/Low Poly Animated Animals/- Prefabs/Animals/Penguin.prefab
  artifactKey: Guid(6817fd3c5809228498530e5ebe58f46a) Importer(815301076,1909f56bfc062723c751e8b465ee728b)
Start importing Assets/polyperfect/Low Poly Animated Animals/- Prefabs/Animals/Penguin.prefab using Guid(6817fd3c5809228498530e5ebe58f46a) Importer(815301076,1909f56bfc062723c751e8b465ee728b)  -> (artifact id: '3dcb7ce16e1df0c4067f482daa3b6564') in 0.075218 seconds 
  Import took 0.079464 seconds .

========================================================================
Received Import Request.
  Time since last request: 0.000201 seconds.
  path: Assets/polyperfect/Low Poly Animated Animals/- Prefabs/Animals/Buffalo.prefab
  artifactKey: Guid(aa90861098184534f840458a3b768a12) Importer(815301076,1909f56bfc062723c751e8b465ee728b)
Start importing Assets/polyperfect/Low Poly Animated Animals/- Prefabs/Animals/Buffalo.prefab using Guid(aa90861098184534f840458a3b768a12) Importer(815301076,1909f56bfc062723c751e8b465ee728b)  -> (artifact id: '0700edf5c3cb6808e135264247f91c3c') in 0.079051 seconds 
  Import took 0.082623 seconds .

========================================================================
Received Import Request.
  Time since last request: 0.000189 seconds.
  path: Assets/polyperfect/Low Poly Animated Animals/- Prefabs/Animals/Deer.prefab
  artifactKey: Guid(3a9b422ae305e3b49aadf8ece0bfa915) Importer(815301076,1909f56bfc062723c751e8b465ee728b)
Start importing Assets/polyperfect/Low Poly Animated Animals/- Prefabs/Animals/Deer.prefab using Guid(3a9b422ae305e3b49aadf8ece0bfa915) Importer(815301076,1909f56bfc062723c751e8b465ee728b)  -> (artifact id: '52dd0606652d1b9569fb1743e4f8fb08') in 0.033461 seconds 
  Import took 0.037001 seconds .

========================================================================
Received Import Request.
  Time since last request: 0.000214 seconds.
  path: Assets/polyperfect/Low Poly Animated Animals/- Prefabs/Animals/Deer Gray.prefab
  artifactKey: Guid(ed4615b93521e4b46a0973aa03b94732) Importer(815301076,1909f56bfc062723c751e8b465ee728b)
Start importing Assets/polyperfect/Low Poly Animated Animals/- Prefabs/Animals/Deer Gray.prefab using Guid(ed4615b93521e4b46a0973aa03b94732) Importer(815301076,1909f56bfc062723c751e8b465ee728b)  -> (artifact id: '4925c107d9975dca773e3d15faa6d0e6') in 0.024511 seconds 
  Import took 0.027980 seconds .

========================================================================
Received Import Request.
  Time since last request: 0.000209 seconds.
  path: Assets/polyperfect/Low Poly Animated Animals/- Prefabs/Animals/Gorilla Silver.prefab
  artifactKey: Guid(343956e15ca614042b6c7eae1aceb95f) Importer(815301076,1909f56bfc062723c751e8b465ee728b)
Start importing Assets/polyperfect/Low Poly Animated Animals/- Prefabs/Animals/Gorilla Silver.prefab using Guid(343956e15ca614042b6c7eae1aceb95f) Importer(815301076,1909f56bfc062723c751e8b465ee728b)  -> (artifact id: 'a9b1b10397547d6f35c22fbefe6f5e2b') in 0.126204 seconds 
  Import took 0.132382 seconds .

========================================================================
Received Import Request.
  Time since last request: 0.000239 seconds.
  path: Assets/polyperfect/Low Poly Animated Animals/- Prefabs/Animals/Dove.prefab
  artifactKey: Guid(ad328be74b297754db7fa8c465c143e4) Importer(815301076,1909f56bfc062723c751e8b465ee728b)
Start importing Assets/polyperfect/Low Poly Animated Animals/- Prefabs/Animals/Dove.prefab using Guid(ad328be74b297754db7fa8c465c143e4) Importer(815301076,1909f56bfc062723c751e8b465ee728b)  -> (artifact id: '6d18ac02be23b25908be9b32be9ab3bf') in 0.032711 seconds 
  Import took 0.037168 seconds .

========================================================================
Received Import Request.
  Time since last request: 0.000253 seconds.
  path: Assets/polyperfect/Low Poly Animated Animals/- Prefabs/Animals/Eagle.prefab
  artifactKey: Guid(c731d11969cd60b419af78b04aa24e9a) Importer(815301076,1909f56bfc062723c751e8b465ee728b)
Start importing Assets/polyperfect/Low Poly Animated Animals/- Prefabs/Animals/Eagle.prefab using Guid(c731d11969cd60b419af78b04aa24e9a) Importer(815301076,1909f56bfc062723c751e8b465ee728b)  -> (artifact id: '2657ac1e498a3148dc374630222df5fb') in 0.046617 seconds 
  Import took 0.050745 seconds .

========================================================================
Received Import Request.
  Time since last request: 0.000200 seconds.
  path: Assets/polyperfect/Low Poly Animated Animals/- Prefabs/Animals/Dog-Chihuahua Black.prefab
  artifactKey: Guid(6ed651d2201001a41b3a948ea0165f11) Importer(815301076,1909f56bfc062723c751e8b465ee728b)
Start importing Assets/polyperfect/Low Poly Animated Animals/- Prefabs/Animals/Dog-Chihuahua Black.prefab using Guid(6ed651d2201001a41b3a948ea0165f11) Importer(815301076,1909f56bfc062723c751e8b465ee728b)  -> (artifact id: '1fbe085b3429ac15d0d1ab42883352c6') in 0.060216 seconds 
  Import took 0.063765 seconds .

========================================================================
Received Import Request.
  Time since last request: 0.000194 seconds.
  path: Assets/polyperfect/Low Poly Animated Animals/- Prefabs/Animals/Chick.prefab
  artifactKey: Guid(c7594b11390c45b438de8395d3f3a02d) Importer(815301076,1909f56bfc062723c751e8b465ee728b)
Start importing Assets/polyperfect/Low Poly Animated Animals/- Prefabs/Animals/Chick.prefab using Guid(c7594b11390c45b438de8395d3f3a02d) Importer(815301076,1909f56bfc062723c751e8b465ee728b)  -> (artifact id: '9df2b885798027e99f03d2857f8ff581') in 0.036650 seconds 
  Import took 0.040640 seconds .

========================================================================
Received Import Request.
  Time since last request: 0.000226 seconds.
  path: Assets/polyperfect/Low Poly Animated Animals/- Prefabs/Animals/JellyFish Blue.prefab
  artifactKey: Guid(1bc86ea021341ae4db28b1681bf8bc7f) Importer(815301076,1909f56bfc062723c751e8b465ee728b)
Start importing Assets/polyperfect/Low Poly Animated Animals/- Prefabs/Animals/JellyFish Blue.prefab using Guid(1bc86ea021341ae4db28b1681bf8bc7f) Importer(815301076,1909f56bfc062723c751e8b465ee728b)  -> (artifact id: '93d2f53b233620151b882f928aca8369') in 0.050491 seconds 
  Import took 0.055385 seconds .

========================================================================
Received Import Request.
  Time since last request: 0.000212 seconds.
  path: Assets/polyperfect/Low Poly Animated Animals/- Prefabs/Animals/JellyFish Orange.prefab
  artifactKey: Guid(60ba3272028897a42aa9c0e2eb37a568) Importer(815301076,1909f56bfc062723c751e8b465ee728b)
Start importing Assets/polyperfect/Low Poly Animated Animals/- Prefabs/Animals/JellyFish Orange.prefab using Guid(60ba3272028897a42aa9c0e2eb37a568) Importer(815301076,1909f56bfc062723c751e8b465ee728b)  -> (artifact id: '56cd5499e38c483c0885707fd997e097') in 0.043431 seconds 
  Import took 0.047727 seconds .

========================================================================
Received Import Request.
  Time since last request: 0.000211 seconds.
  path: Assets/polyperfect/Low Poly Animated Animals/- Prefabs/Animals/Cow Black.prefab
  artifactKey: Guid(82432984c7cfb7f40af9d8caaf71f926) Importer(815301076,1909f56bfc062723c751e8b465ee728b)
Start importing Assets/polyperfect/Low Poly Animated Animals/- Prefabs/Animals/Cow Black.prefab using Guid(82432984c7cfb7f40af9d8caaf71f926) Importer(815301076,1909f56bfc062723c751e8b465ee728b)  -> (artifact id: '1434be1cf30351831eed84fc8b985292') in 0.112189 seconds 
  Import took 0.118794 seconds .

========================================================================
Received Import Request.
  Time since last request: 0.000198 seconds.
  path: Assets/polyperfect/Low Poly Animated Animals/- Prefabs/Animals/Hen.prefab
  artifactKey: Guid(82d1fda3c9baa1a4cb7cdb02a5cb60e9) Importer(815301076,1909f56bfc062723c751e8b465ee728b)
Start importing Assets/polyperfect/Low Poly Animated Animals/- Prefabs/Animals/Hen.prefab using Guid(82d1fda3c9baa1a4cb7cdb02a5cb60e9) Importer(815301076,1909f56bfc062723c751e8b465ee728b)  -> (artifact id: '0c56ffa5c05b7e84bf230c290aa6ed90') in 0.042926 seconds 
  Import took 0.049855 seconds .

========================================================================
Received Import Request.
  Time since last request: 0.000205 seconds.
  path: Assets/polyperfect/Low Poly Animated Animals/- Prefabs/Animals/Horse Brown.prefab
  artifactKey: Guid(3e862f40cc8ad65468baa9837635c9c8) Importer(815301076,1909f56bfc062723c751e8b465ee728b)
Start importing Assets/polyperfect/Low Poly Animated Animals/- Prefabs/Animals/Horse Brown.prefab using Guid(3e862f40cc8ad65468baa9837635c9c8) Importer(815301076,1909f56bfc062723c751e8b465ee728b)  -> (artifact id: '2287fe0c1a21db2c1a5dc9a1f21a301c') in 0.081700 seconds 
  Import took 0.086176 seconds .

========================================================================
Received Import Request.
  Time since last request: 0.000180 seconds.
  path: Assets/polyperfect/Low Poly Animated Animals/- Prefabs/Animals/Dog-GoldenRetriever.prefab
  artifactKey: Guid(16e5f48d612f744039dbecb3e834b94f) Importer(815301076,1909f56bfc062723c751e8b465ee728b)
Start importing Assets/polyperfect/Low Poly Animated Animals/- Prefabs/Animals/Dog-GoldenRetriever.prefab using Guid(16e5f48d612f744039dbecb3e834b94f) Importer(815301076,1909f56bfc062723c751e8b465ee728b)  -> (artifact id: '01693ce114800da8467b76b986dab62a') in 0.073661 seconds 
  Import took 0.078874 seconds .

========================================================================
Received Import Request.
  Time since last request: 0.000612 seconds.
  path: Assets/polyperfect/Low Poly Animated Animals/- Prefabs/Animals/Cow Brown.prefab
  artifactKey: Guid(28f32469152e3f64c95c5bc66ae60278) Importer(815301076,1909f56bfc062723c751e8b465ee728b)
Start importing Assets/polyperfect/Low Poly Animated Animals/- Prefabs/Animals/Cow Brown.prefab using Guid(28f32469152e3f64c95c5bc66ae60278) Importer(815301076,1909f56bfc062723c751e8b465ee728b)  -> (artifact id: 'c3306ff83a4713c06cc62d8d9ee36bcc') in 0.113739 seconds 
  Import took 0.119379 seconds .

========================================================================
Received Import Request.
  Time since last request: 0.000204 seconds.
  path: Assets/polyperfect/Low Poly Animated Animals/- Prefabs/Animals/Boar.prefab
  artifactKey: Guid(1ef54cdace3ccbe438a80867c3b80014) Importer(815301076,1909f56bfc062723c751e8b465ee728b)
Start importing Assets/polyperfect/Low Poly Animated Animals/- Prefabs/Animals/Boar.prefab using Guid(1ef54cdace3ccbe438a80867c3b80014) Importer(815301076,1909f56bfc062723c751e8b465ee728b)  -> (artifact id: '60b2c1188758091ecbb1f03fad4008ea') in 0.032008 seconds 
  Import took 0.035916 seconds .

========================================================================
Received Import Request.
  Time since last request: 0.000190 seconds.
  path: Assets/polyperfect/Low Poly Animated Animals/- Prefabs/Animals/Gorilla Black.prefab
  artifactKey: Guid(57a429f4b3b3c754e975b792ed61d63a) Importer(815301076,1909f56bfc062723c751e8b465ee728b)
Start importing Assets/polyperfect/Low Poly Animated Animals/- Prefabs/Animals/Gorilla Black.prefab using Guid(57a429f4b3b3c754e975b792ed61d63a) Importer(815301076,1909f56bfc062723c751e8b465ee728b)  -> (artifact id: '79f62829338a35ee2054bc4a204427d7') in 0.125638 seconds 
  Import took 0.131694 seconds .

========================================================================
Received Import Request.
  Time since last request: 0.000248 seconds.
  path: Assets/polyperfect/Low Poly Animated Animals/- Prefabs/Animals/Elephant.prefab
  artifactKey: Guid(d19dd43872ee43b4896d75d23e9db9e6) Importer(815301076,1909f56bfc062723c751e8b465ee728b)
Start importing Assets/polyperfect/Low Poly Animated Animals/- Prefabs/Animals/Elephant.prefab using Guid(d19dd43872ee43b4896d75d23e9db9e6) Importer(815301076,1909f56bfc062723c751e8b465ee728b)  -> (artifact id: '0fb95e19a4a7fa270f128e020cd00bdb') in 0.156663 seconds 
  Import took 0.161803 seconds .

========================================================================
Received Import Request.
  Time since last request: 0.000199 seconds.
  path: Assets/polyperfect/Low Poly Animated Animals/- Prefabs/Animals/Giraffe.prefab
  artifactKey: Guid(0d9eb53229fd4e4428e17f457310aada) Importer(815301076,1909f56bfc062723c751e8b465ee728b)
Start importing Assets/polyperfect/Low Poly Animated Animals/- Prefabs/Animals/Giraffe.prefab using Guid(0d9eb53229fd4e4428e17f457310aada) Importer(815301076,1909f56bfc062723c751e8b465ee728b)  -> (artifact id: 'c1e38a8e05aab6bfa577abaed0cc00d9') in 0.061608 seconds 
  Import took 0.066113 seconds .

========================================================================
Received Import Request.
  Time since last request: 0.000208 seconds.
  path: Assets/polyperfect/Low Poly Animated Animals/- Prefabs/Animals/Cat Black.prefab
  artifactKey: Guid(0ca7c81f5e8d6c64792a13aef1f23bb2) Importer(815301076,1909f56bfc062723c751e8b465ee728b)
Start importing Assets/polyperfect/Low Poly Animated Animals/- Prefabs/Animals/Cat Black.prefab using Guid(0ca7c81f5e8d6c64792a13aef1f23bb2) Importer(815301076,1909f56bfc062723c751e8b465ee728b)  -> (artifact id: 'ac2fd43c8253ee9a3290924ed24ac56d') in 0.214691 seconds 
  Import took 0.221213 seconds .

========================================================================
Received Import Request.
  Time since last request: 0.000251 seconds.
  path: Assets/polyperfect/Low Poly Animated Animals/- Prefabs/Animals/Fish.prefab
  artifactKey: Guid(a61d0b4c41dabf548be1eb07e22d847a) Importer(815301076,1909f56bfc062723c751e8b465ee728b)
Start importing Assets/polyperfect/Low Poly Animated Animals/- Prefabs/Animals/Fish.prefab using Guid(a61d0b4c41dabf548be1eb07e22d847a) Importer(815301076,1909f56bfc062723c751e8b465ee728b)  -> (artifact id: '2016339a1850b73ed6722dcf784a6f39') in 0.026192 seconds 
  Import took 0.030032 seconds .

========================================================================
Received Import Request.
  Time since last request: 0.000253 seconds.
  path: Assets/polyperfect/Low Poly Animated Animals/- Prefabs/Animals/Orca.prefab
  artifactKey: Guid(83e5f758f79d148b898ca89e7d3207ce) Importer(815301076,1909f56bfc062723c751e8b465ee728b)
Start importing Assets/polyperfect/Low Poly Animated Animals/- Prefabs/Animals/Orca.prefab using Guid(83e5f758f79d148b898ca89e7d3207ce) Importer(815301076,1909f56bfc062723c751e8b465ee728b)  -> (artifact id: '20ce571789d654fb7ab7b665287567c6') in 0.029521 seconds 
  Import took 0.033933 seconds .

========================================================================
Received Import Request.
  Time since last request: 0.000190 seconds.
  path: Assets/polyperfect/Low Poly Animated Animals/- Prefabs/Animals/Dog-Chihuahua.prefab
  artifactKey: Guid(7d00f2b1ff01045718e9dbb76d481352) Importer(815301076,1909f56bfc062723c751e8b465ee728b)
Start importing Assets/polyperfect/Low Poly Animated Animals/- Prefabs/Animals/Dog-Chihuahua.prefab using Guid(7d00f2b1ff01045718e9dbb76d481352) Importer(815301076,1909f56bfc062723c751e8b465ee728b)  -> (artifact id: '6a6a6065488938c42533fc8c0a959948') in 0.045110 seconds 
  Import took 0.049030 seconds .

========================================================================
Received Import Request.
  Time since last request: 0.590466 seconds.
  path: Assets/polyperfect/Low Poly Animated Animals/- Prefabs/Animals/Polar Bear.prefab
  artifactKey: Guid(6ee0769bd911abd4aad799c0b81cab00) Importer(815301076,1909f56bfc062723c751e8b465ee728b)
Start importing Assets/polyperfect/Low Poly Animated Animals/- Prefabs/Animals/Polar Bear.prefab using Guid(6ee0769bd911abd4aad799c0b81cab00) Importer(815301076,1909f56bfc062723c751e8b465ee728b)  -> (artifact id: 'a7ca41a70baaebf13deeb572fe74de46') in 0.098304 seconds 
  Import took 0.116911 seconds .

========================================================================
Received Import Request.
  Time since last request: 0.000195 seconds.
  path: Assets/polyperfect/Low Poly Animated Animals/- Prefabs/Animals/Rabbit Brown.prefab
  artifactKey: Guid(829a5f61d90ac4c42b217bbfc1b3cea2) Importer(815301076,1909f56bfc062723c751e8b465ee728b)
Start importing Assets/polyperfect/Low Poly Animated Animals/- Prefabs/Animals/Rabbit Brown.prefab using Guid(829a5f61d90ac4c42b217bbfc1b3cea2) Importer(815301076,1909f56bfc062723c751e8b465ee728b)  -> (artifact id: '02e4966d6d93bc2eda4578124fab0c4f') in 0.232270 seconds 
  Import took 0.238426 seconds .

========================================================================
Received Import Request.
  Time since last request: 0.000198 seconds.
  path: Assets/polyperfect/Low Poly Animated Animals/- Prefabs/Animals/Snake Red.prefab
  artifactKey: Guid(b18f11080da58d0449ec9da835a6123a) Importer(815301076,1909f56bfc062723c751e8b465ee728b)
Start importing Assets/polyperfect/Low Poly Animated Animals/- Prefabs/Animals/Snake Red.prefab using Guid(b18f11080da58d0449ec9da835a6123a) Importer(815301076,1909f56bfc062723c751e8b465ee728b)  -> (artifact id: '60e0235caf2208717d051c7a3a792fd8') in 0.523940 seconds 
  Import took 0.527100 seconds .

========================================================================
Received Import Request.
  Time since last request: 0.000164 seconds.
  path: Assets/polyperfect/Low Poly Animated Animals/- Prefabs/Animals/Spider Yellow.prefab
  artifactKey: Guid(2ef322c53a036124bad12637f603d797) Importer(815301076,1909f56bfc062723c751e8b465ee728b)
Start importing Assets/polyperfect/Low Poly Animated Animals/- Prefabs/Animals/Spider Yellow.prefab using Guid(2ef322c53a036124bad12637f603d797) Importer(815301076,1909f56bfc062723c751e8b465ee728b)  -> (artifact id: '740e3a97ce1251cac17ce7939622f32b') in 0.095204 seconds 
  Import took 0.099047 seconds .

========================================================================
Received Import Request.
  Time since last request: 0.000176 seconds.
  path: Assets/polyperfect/Low Poly Animated Animals/- Prefabs/Animals/Rabbit Brown.prefab
  artifactKey: Guid(829a5f61d90ac4c42b217bbfc1b3cea2) Importer(815301076,1909f56bfc062723c751e8b465ee728b)
Start importing Assets/polyperfect/Low Poly Animated Animals/- Prefabs/Animals/Rabbit Brown.prefab using Guid(829a5f61d90ac4c42b217bbfc1b3cea2) Importer(815301076,1909f56bfc062723c751e8b465ee728b)  -> (artifact id: '02e4966d6d93bc2eda4578124fab0c4f') in 0.133482 seconds 
  Import took 0.138842 seconds .

========================================================================
Received Import Request.
  Time since last request: 0.000283 seconds.
  path: Assets/polyperfect/Low Poly Animated Animals/- Prefabs/Animals/Wolf Grey.prefab
  artifactKey: Guid(1159fbfcf2d66ee4b896abb3e41d47c4) Importer(815301076,1909f56bfc062723c751e8b465ee728b)
Start importing Assets/polyperfect/Low Poly Animated Animals/- Prefabs/Animals/Wolf Grey.prefab using Guid(1159fbfcf2d66ee4b896abb3e41d47c4) Importer(815301076,1909f56bfc062723c751e8b465ee728b)  -> (artifact id: '18eb986f6613bc360947f604c8e35c0a') in 0.025402 seconds 
  Import took 0.030156 seconds .

========================================================================
Received Import Request.
  Time since last request: 0.000252 seconds.
  path: Assets/polyperfect/Low Poly Animated Animals/- Prefabs/Animals/Spider Green.prefab
  artifactKey: Guid(c4fa44d6ad133e0409f10009615a9247) Importer(815301076,1909f56bfc062723c751e8b465ee728b)
Start importing Assets/polyperfect/Low Poly Animated Animals/- Prefabs/Animals/Spider Green.prefab using Guid(c4fa44d6ad133e0409f10009615a9247) Importer(815301076,1909f56bfc062723c751e8b465ee728b)  -> (artifact id: '601fe22fec9e1828e166c07cf529487e') in 0.076681 seconds 
  Import took 0.081610 seconds .

========================================================================
Received Import Request.
  Time since last request: 0.000194 seconds.
  path: Assets/polyperfect/Low Poly Animated Animals/- Prefabs/Animals/Spider Red.prefab
  artifactKey: Guid(fc9ece646c03b5d4f8c2d3adfb6ffa0e) Importer(815301076,1909f56bfc062723c751e8b465ee728b)
Start importing Assets/polyperfect/Low Poly Animated Animals/- Prefabs/Animals/Spider Red.prefab using Guid(fc9ece646c03b5d4f8c2d3adfb6ffa0e) Importer(815301076,1909f56bfc062723c751e8b465ee728b)  -> (artifact id: '4087f9aa785f1b25ce3ce80ba4352e86') in 0.078163 seconds 
  Import took 0.083462 seconds .

========================================================================
Received Import Request.
  Time since last request: 0.000237 seconds.
  path: Assets/polyperfect/Low Poly Animated Animals/- Prefabs/Animals/Rabbit White.prefab
  artifactKey: Guid(69b122cc19161bc47908c71cd75dc515) Importer(815301076,1909f56bfc062723c751e8b465ee728b)
Start importing Assets/polyperfect/Low Poly Animated Animals/- Prefabs/Animals/Rabbit White.prefab using Guid(69b122cc19161bc47908c71cd75dc515) Importer(815301076,1909f56bfc062723c751e8b465ee728b)  -> (artifact id: '8c07cd459f62d53795c7674008130307') in 0.190452 seconds 
  Import took 0.197546 seconds .

========================================================================
Received Import Request.
  Time since last request: 0.000197 seconds.
  path: Assets/polyperfect/Low Poly Animated Animals/- Prefabs/Animals/Seagul.prefab
  artifactKey: Guid(70d97733042ab774ab2df5cd87b89efb) Importer(815301076,1909f56bfc062723c751e8b465ee728b)
Start importing Assets/polyperfect/Low Poly Animated Animals/- Prefabs/Animals/Seagul.prefab using Guid(70d97733042ab774ab2df5cd87b89efb) Importer(815301076,1909f56bfc062723c751e8b465ee728b)  -> (artifact id: 'adf1907c1e25fa903bcc391a64a52c30') in 0.030007 seconds 
  Import took 0.033789 seconds .

========================================================================
Received Import Request.
  Time since last request: 0.000209 seconds.
  path: Assets/polyperfect/Low Poly Animated Animals/- Prefabs/Animals/Rabbit White.prefab
  artifactKey: Guid(69b122cc19161bc47908c71cd75dc515) Importer(815301076,1909f56bfc062723c751e8b465ee728b)
Start importing Assets/polyperfect/Low Poly Animated Animals/- Prefabs/Animals/Rabbit White.prefab using Guid(69b122cc19161bc47908c71cd75dc515) Importer(815301076,1909f56bfc062723c751e8b465ee728b)  -> (artifact id: '8c07cd459f62d53795c7674008130307') in 0.178584 seconds 
  Import took 0.184678 seconds .

========================================================================
Received Import Request.
  Time since last request: 0.000213 seconds.
  path: Assets/polyperfect/Low Poly Animated Animals/- Prefabs/Animals/Seagul.prefab
  artifactKey: Guid(70d97733042ab774ab2df5cd87b89efb) Importer(815301076,1909f56bfc062723c751e8b465ee728b)
Start importing Assets/polyperfect/Low Poly Animated Animals/- Prefabs/Animals/Seagul.prefab using Guid(70d97733042ab774ab2df5cd87b89efb) Importer(815301076,1909f56bfc062723c751e8b465ee728b)  -> (artifact id: 'adf1907c1e25fa903bcc391a64a52c30') in 0.027376 seconds 
  Import took 0.030933 seconds .

========================================================================
Received Import Request.
  Time since last request: 0.000299 seconds.
  path: Assets/polyperfect/Low Poly Animated Animals/- Prefabs/Animals/Starfish.prefab
  artifactKey: Guid(3f5c613256bb8481cbafc1d34aa1184e) Importer(815301076,1909f56bfc062723c751e8b465ee728b)
Start importing Assets/polyperfect/Low Poly Animated Animals/- Prefabs/Animals/Starfish.prefab using Guid(3f5c613256bb8481cbafc1d34aa1184e) Importer(815301076,1909f56bfc062723c751e8b465ee728b)  -> (artifact id: 'd523ad4504ab9e30825d765de91a4581') in 0.032031 seconds 
  Import took 0.037752 seconds .

========================================================================
Received Import Request.
  Time since last request: 0.000180 seconds.
  path: Assets/polyperfect/Low Poly Animated Animals/- Prefabs/Animals/Shark White.prefab
  artifactKey: Guid(8f52d003b4269954485d3d0b9ed4139f) Importer(815301076,1909f56bfc062723c751e8b465ee728b)
Start importing Assets/polyperfect/Low Poly Animated Animals/- Prefabs/Animals/Shark White.prefab using Guid(8f52d003b4269954485d3d0b9ed4139f) Importer(815301076,1909f56bfc062723c751e8b465ee728b)  -> (artifact id: 'c898952f93e6f2577e7bc1f505232d68') in 0.021745 seconds 
  Import took 0.027676 seconds .

========================================================================
Received Import Request.
  Time since last request: 0.000195 seconds.
  path: Assets/polyperfect/Low Poly Animated Animals/- Prefabs/Animals/Snake Yellow.prefab
  artifactKey: Guid(d1b394efe4dbeb14f8a20e2e04bf1d80) Importer(815301076,1909f56bfc062723c751e8b465ee728b)
Start importing Assets/polyperfect/Low Poly Animated Animals/- Prefabs/Animals/Snake Yellow.prefab using Guid(d1b394efe4dbeb14f8a20e2e04bf1d80) Importer(815301076,1909f56bfc062723c751e8b465ee728b)  -> (artifact id: '4693a66bf7c60387a75eb3c0028ffe71') in 0.372114 seconds 
  Import took 0.375565 seconds .

========================================================================
Received Import Request.
  Time since last request: 0.000187 seconds.
  path: Assets/polyperfect/Low Poly Animated Animals/- Prefabs/Animals/Shark Black.prefab
  artifactKey: Guid(60f0387c246cf014aad3931e71e20959) Importer(815301076,1909f56bfc062723c751e8b465ee728b)
Start importing Assets/polyperfect/Low Poly Animated Animals/- Prefabs/Animals/Shark Black.prefab using Guid(60f0387c246cf014aad3931e71e20959) Importer(815301076,1909f56bfc062723c751e8b465ee728b)  -> (artifact id: '175fd290503761e21cb2acf68ba1ac10') in 0.324446 seconds 
  Import took 0.327596 seconds .

========================================================================
Received Import Request.
  Time since last request: 0.000169 seconds.
  path: Assets/polyperfect/Low Poly Animated Animals/- Prefabs/Animals/Wolf Black.prefab
  artifactKey: Guid(54f08473df2a94348a95272458da3885) Importer(815301076,1909f56bfc062723c751e8b465ee728b)
Start importing Assets/polyperfect/Low Poly Animated Animals/- Prefabs/Animals/Wolf Black.prefab using Guid(54f08473df2a94348a95272458da3885) Importer(815301076,1909f56bfc062723c751e8b465ee728b)  -> (artifact id: 'c9151623811b95b90e11e976b66b895d') in 0.023741 seconds 
  Import took 0.027694 seconds .

========================================================================
Received Import Request.
  Time since last request: 148.918546 seconds.
  path: Assets/Sound/Wolf sound effect_Short.mp3
  artifactKey: Guid(bd2a7f24f341b544187b5b9c5e29aa54) Importer(815301076,1909f56bfc062723c751e8b465ee728b)
Start importing Assets/Sound/Wolf sound effect_Short.mp3 using Guid(bd2a7f24f341b544187b5b9c5e29aa54) Importer(815301076,1909f56bfc062723c751e8b465ee728b)  -> (artifact id: 'e92eb756ec547d50e8391226d0045462') in 0.398265 seconds 
  Import took 0.400998 seconds .

========================================================================
Received Prepare
Registering precompiled user dll's ...
Registered in 0.005538 seconds.
Begin MonoManager ReloadAssembly
Native extension for OSXStandalone target not found
Native extension for WebGL target not found
Refreshing native plugins compatible for Editor in 0.59 ms, found 2 plugins.
Preloading 0 native plugins for Editor in 0.00 ms.
Mono: successfully reloaded assembly
- Completed reload, in  1.165 seconds
Domain Reload Profiling:
	ReloadAssembly (1165ms)
		BeginReloadAssembly (124ms)
			ExecutionOrderSort (0ms)
			DisableScriptedObjects (5ms)
			BackupInstance (0ms)
			ReleaseScriptingObjects (0ms)
			CreateAndSetChildDomain (52ms)
		EndReloadAssembly (958ms)
			LoadAssemblies (116ms)
			RebuildTransferFunctionScriptingTraits (0ms)
			SetupTypeCache (420ms)
			ReleaseScriptCaches (1ms)
			RebuildScriptCaches (46ms)
			SetupLoadedEditorAssemblies (275ms)
				LogAssemblyErrors (0ms)
				InitializePlatformSupportModulesInManaged (5ms)
				SetLoadedEditorAssemblies (0ms)
				RefreshPlugins (1ms)
				BeforeProcessingInitializeOnLoad (70ms)
				ProcessInitializeOnLoadAttributes (188ms)
				ProcessInitializeOnLoadMethodAttributes (9ms)
				AfterProcessingInitializeOnLoad (2ms)
				EditorAssembliesLoaded (0ms)
			ExecutionOrderSort2 (0ms)
			AwakeInstancesAfterBackupRestoration (7ms)
Platform modules already initialized, skipping
Refreshing native plugins compatible for Editor in 0.59 ms, found 2 plugins.
Preloading 0 native plugins for Editor in 0.00 ms.
Unloading 1591 Unused Serialized files (Serialized files now loaded: 0)
System memory in use before: 195.6 MB.
System memory in use after: 195.8 MB.

Unloading 14 unused Assets to reduce memory usage. Loaded Objects now: 2095.
Total: 1.627530 ms (FindLiveObjects: 0.161843 ms CreateObjectMapping: 0.051128 ms MarkObjects: 1.400700 ms  DeleteObjects: 0.013065 ms)

AssetImportParameters requested are different than current active one (requested -> active):
  custom:video-decoder-ogg-theora: a1e56fd34408186e4bbccfd4996cb3dc -> 
  custom:container-muxer-webm: aa71ff27fc2769a1b78a27578f13a17b -> 
  custom:container-demuxer-webm: 4f35f7cbe854078d1ac9338744f61a02 -> 
  custom:container-demuxer-ogg: 62fdf1f143b41e24485cea50d1cbac27 -> 
  custom:video-encoder-webm-vp8: eb34c28f22e8b96e1ab97ce403110664 -> 
  custom:framework-osx-AVFoundation: e770b220cccbd017edd2c1fefb359320 -> 
  custom:video-decoder-webm-vp8: 9c59270c3fd7afecdb556c50c9e8de78 -> 
  custom:audio-decoder-ogg-vorbis: bf7c407c2cedff20999df2af8eb42d56 -> 
  custom:audio-encoder-webm-vorbis: bf7c407c2cedff20999df2af8eb42d56 -> 
========================================================================
Received Prepare
Registering precompiled user dll's ...
Registered in 0.003715 seconds.
Begin MonoManager ReloadAssembly
Native extension for OSXStandalone target not found
Native extension for WebGL target not found
Refreshing native plugins compatible for Editor in 0.62 ms, found 2 plugins.
Preloading 0 native plugins for Editor in 0.00 ms.
Mono: successfully reloaded assembly
- Completed reload, in  0.984 seconds
Domain Reload Profiling:
	ReloadAssembly (984ms)
		BeginReloadAssembly (111ms)
			ExecutionOrderSort (0ms)
			DisableScriptedObjects (6ms)
			BackupInstance (0ms)
			ReleaseScriptingObjects (0ms)
			CreateAndSetChildDomain (48ms)
		EndReloadAssembly (810ms)
			LoadAssemblies (70ms)
			RebuildTransferFunctionScriptingTraits (0ms)
			SetupTypeCache (312ms)
			ReleaseScriptCaches (1ms)
			RebuildScriptCaches (47ms)
			SetupLoadedEditorAssemblies (267ms)
				LogAssemblyErrors (0ms)
				InitializePlatformSupportModulesInManaged (5ms)
				SetLoadedEditorAssemblies (0ms)
				RefreshPlugins (1ms)
				BeforeProcessingInitializeOnLoad (67ms)
				ProcessInitializeOnLoadAttributes (185ms)
				ProcessInitializeOnLoadMethodAttributes (8ms)
				AfterProcessingInitializeOnLoad (1ms)
				EditorAssembliesLoaded (0ms)
			ExecutionOrderSort2 (0ms)
			AwakeInstancesAfterBackupRestoration (7ms)
Platform modules already initialized, skipping
Refreshing native plugins compatible for Editor in 0.63 ms, found 2 plugins.
Preloading 0 native plugins for Editor in 0.00 ms.
Unloading 1591 Unused Serialized files (Serialized files now loaded: 0)
System memory in use before: 195.9 MB.
System memory in use after: 196.0 MB.

Unloading 14 unused Assets to reduce memory usage. Loaded Objects now: 2098.
Total: 1.684876 ms (FindLiveObjects: 0.156102 ms CreateObjectMapping: 0.047375 ms MarkObjects: 1.467272 ms  DeleteObjects: 0.013274 ms)

AssetImportParameters requested are different than current active one (requested -> active):
  custom:video-decoder-ogg-theora: a1e56fd34408186e4bbccfd4996cb3dc -> 
  custom:container-muxer-webm: aa71ff27fc2769a1b78a27578f13a17b -> 
  custom:container-demuxer-webm: 4f35f7cbe854078d1ac9338744f61a02 -> 
  custom:container-demuxer-ogg: 62fdf1f143b41e24485cea50d1cbac27 -> 
  custom:video-encoder-webm-vp8: eb34c28f22e8b96e1ab97ce403110664 -> 
  custom:framework-osx-AVFoundation: e770b220cccbd017edd2c1fefb359320 -> 
  custom:video-decoder-webm-vp8: 9c59270c3fd7afecdb556c50c9e8de78 -> 
  custom:audio-decoder-ogg-vorbis: bf7c407c2cedff20999df2af8eb42d56 -> 
  custom:audio-encoder-webm-vorbis: bf7c407c2cedff20999df2af8eb42d56 -> 
========================================================================
Received Import Request.
  Time since last request: 136.364442 seconds.
  path: Assets/Scenes/BedSceneDoll 1.unity
  artifactKey: Guid(c411a4c91bb8ec84b84d09b0cec2b96e) Importer(815301076,1909f56bfc062723c751e8b465ee728b)
Start importing Assets/Scenes/BedSceneDoll 1.unity using Guid(c411a4c91bb8ec84b84d09b0cec2b96e) Importer(815301076,1909f56bfc062723c751e8b465ee728b)  -> (artifact id: '9ed2c91fce42702e347b6bc6b74e61b4') in 0.013569 seconds 
  Import took 0.017331 seconds .

========================================================================
Received Prepare
Registering precompiled user dll's ...
Registered in 0.006856 seconds.
Begin MonoManager ReloadAssembly
Native extension for OSXStandalone target not found
Native extension for WebGL target not found
Refreshing native plugins compatible for Editor in 0.59 ms, found 2 plugins.
Preloading 0 native plugins for Editor in 0.00 ms.
Mono: successfully reloaded assembly
- Completed reload, in  0.950 seconds
Domain Reload Profiling:
	ReloadAssembly (951ms)
		BeginReloadAssembly (93ms)
			ExecutionOrderSort (0ms)
			DisableScriptedObjects (5ms)
			BackupInstance (0ms)
			ReleaseScriptingObjects (0ms)
			CreateAndSetChildDomain (41ms)
		EndReloadAssembly (798ms)
			LoadAssemblies (63ms)
			RebuildTransferFunctionScriptingTraits (0ms)
			SetupTypeCache (298ms)
			ReleaseScriptCaches (1ms)
			RebuildScriptCaches (45ms)
			SetupLoadedEditorAssemblies (273ms)
				LogAssemblyErrors (0ms)
				InitializePlatformSupportModulesInManaged (5ms)
				SetLoadedEditorAssemblies (0ms)
				RefreshPlugins (1ms)
				BeforeProcessingInitializeOnLoad (66ms)
				ProcessInitializeOnLoadAttributes (191ms)
				ProcessInitializeOnLoadMethodAttributes (8ms)
				AfterProcessingInitializeOnLoad (1ms)
				EditorAssembliesLoaded (0ms)
			ExecutionOrderSort2 (0ms)
			AwakeInstancesAfterBackupRestoration (7ms)
Platform modules already initialized, skipping
Refreshing native plugins compatible for Editor in 0.59 ms, found 2 plugins.
Preloading 0 native plugins for Editor in 0.00 ms.
Unloading 1591 Unused Serialized files (Serialized files now loaded: 0)
System memory in use before: 196.1 MB.
System memory in use after: 196.2 MB.

Unloading 14 unused Assets to reduce memory usage. Loaded Objects now: 2101.
Total: 1.727443 ms (FindLiveObjects: 0.147898 ms CreateObjectMapping: 0.042294 ms MarkObjects: 1.520813 ms  DeleteObjects: 0.015632 ms)

AssetImportParameters requested are different than current active one (requested -> active):
  custom:video-decoder-ogg-theora: a1e56fd34408186e4bbccfd4996cb3dc -> 
  custom:container-muxer-webm: aa71ff27fc2769a1b78a27578f13a17b -> 
  custom:container-demuxer-webm: 4f35f7cbe854078d1ac9338744f61a02 -> 
  custom:container-demuxer-ogg: 62fdf1f143b41e24485cea50d1cbac27 -> 
  custom:video-encoder-webm-vp8: eb34c28f22e8b96e1ab97ce403110664 -> 
  custom:framework-osx-AVFoundation: e770b220cccbd017edd2c1fefb359320 -> 
  custom:video-decoder-webm-vp8: 9c59270c3fd7afecdb556c50c9e8de78 -> 
  custom:audio-decoder-ogg-vorbis: bf7c407c2cedff20999df2af8eb42d56 -> 
  custom:audio-encoder-webm-vorbis: bf7c407c2cedff20999df2af8eb42d56 -> 
========================================================================
Received Prepare
Registering precompiled user dll's ...
Registered in 0.004078 seconds.
Begin MonoManager ReloadAssembly
Native extension for OSXStandalone target not found
Native extension for WebGL target not found
Refreshing native plugins compatible for Editor in 0.58 ms, found 2 plugins.
Preloading 0 native plugins for Editor in 0.00 ms.
Mono: successfully reloaded assembly
- Completed reload, in  0.951 seconds
Domain Reload Profiling:
	ReloadAssembly (952ms)
		BeginReloadAssembly (97ms)
			ExecutionOrderSort (0ms)
			DisableScriptedObjects (5ms)
			BackupInstance (0ms)
			ReleaseScriptingObjects (0ms)
			CreateAndSetChildDomain (41ms)
		EndReloadAssembly (795ms)
			LoadAssemblies (68ms)
			RebuildTransferFunctionScriptingTraits (0ms)
			SetupTypeCache (311ms)
			ReleaseScriptCaches (1ms)
			RebuildScriptCaches (45ms)
			SetupLoadedEditorAssemblies (262ms)
				LogAssemblyErrors (0ms)
				InitializePlatformSupportModulesInManaged (5ms)
				SetLoadedEditorAssemblies (1ms)
				RefreshPlugins (1ms)
				BeforeProcessingInitializeOnLoad (65ms)
				ProcessInitializeOnLoadAttributes (182ms)
				ProcessInitializeOnLoadMethodAttributes (8ms)
				AfterProcessingInitializeOnLoad (1ms)
				EditorAssembliesLoaded (0ms)
			ExecutionOrderSort2 (0ms)
			AwakeInstancesAfterBackupRestoration (7ms)
Platform modules already initialized, skipping
Refreshing native plugins compatible for Editor in 0.67 ms, found 2 plugins.
Preloading 0 native plugins for Editor in 0.00 ms.
Unloading 1591 Unused Serialized files (Serialized files now loaded: 0)
System memory in use before: 196.3 MB.
System memory in use after: 196.4 MB.

Unloading 14 unused Assets to reduce memory usage. Loaded Objects now: 2104.
Total: 1.605932 ms (FindLiveObjects: 0.158926 ms CreateObjectMapping: 0.047678 ms MarkObjects: 1.385922 ms  DeleteObjects: 0.012557 ms)

AssetImportParameters requested are different than current active one (requested -> active):
  custom:video-decoder-ogg-theora: a1e56fd34408186e4bbccfd4996cb3dc -> 
  custom:container-muxer-webm: aa71ff27fc2769a1b78a27578f13a17b -> 
  custom:container-demuxer-webm: 4f35f7cbe854078d1ac9338744f61a02 -> 
  custom:container-demuxer-ogg: 62fdf1f143b41e24485cea50d1cbac27 -> 
  custom:video-encoder-webm-vp8: eb34c28f22e8b96e1ab97ce403110664 -> 
  custom:framework-osx-AVFoundation: e770b220cccbd017edd2c1fefb359320 -> 
  custom:video-decoder-webm-vp8: 9c59270c3fd7afecdb556c50c9e8de78 -> 
  custom:audio-decoder-ogg-vorbis: bf7c407c2cedff20999df2af8eb42d56 -> 
  custom:audio-encoder-webm-vorbis: bf7c407c2cedff20999df2af8eb42d56 -> 
========================================================================
Received Prepare
Registering precompiled user dll's ...
Registered in 0.003785 seconds.
Begin MonoManager ReloadAssembly
Native extension for OSXStandalone target not found
Native extension for WebGL target not found
Refreshing native plugins compatible for Editor in 0.75 ms, found 2 plugins.
Preloading 0 native plugins for Editor in 0.00 ms.
Invalid AssetDatabase path: /Editor/EditorResources/cm_logo_sm.png. Use path relative to the project folder.
UnityEngine.StackTraceUtility:ExtractStackTrace () (at /Users/bokken/buildslave/unity/build/Runtime/Export/Scripting/StackTrace.cs:37)
UnityEditor.AssetDatabase:LoadAssetAtPath<UnityEngine.Texture2D> (string) (at /Users/bokken/buildslave/unity/build/Modules/AssetDatabase/Editor/ScriptBindings/AssetDatabase.bindings.cs:220)
Cinemachine.Editor.CinemachineSettings:get_CinemachineLogoTexture () (at Library/PackageCache/com.unity.cinemachine@2.6.11/Editor/Windows/CinemachineSettings.cs:205)
Cinemachine.Editor.CinemachineSettings:.cctor () (at Library/PackageCache/com.unity.cinemachine@2.6.11/Editor/Windows/CinemachineSettings.cs:237)
Cinemachine.CinemachineColliderPrefs:.cctor () (at Library/PackageCache/com.unity.cinemachine@2.6.11/Editor/Windows/CinemachineColliderPrefs.cs:61)
System.Runtime.CompilerServices.RuntimeHelpers:RunClassConstructor (System.RuntimeTypeHandle)
UnityEditor.EditorAssemblies:ProcessInitializeOnLoadAttributes (System.Type[]) (at /Users/bokken/buildslave/unity/build/Editor/Mono/EditorAssemblies.cs:134)

[/Users/bokken/buildslave/unity/build/Runtime/Export/Scripting/StackTrace.cs line 37]

Mono: successfully reloaded assembly
- Completed reload, in  1.623 seconds
Domain Reload Profiling:
	ReloadAssembly (1626ms)
		BeginReloadAssembly (360ms)
			ExecutionOrderSort (0ms)
			DisableScriptedObjects (54ms)
			BackupInstance (0ms)
			ReleaseScriptingObjects (0ms)
			CreateAndSetChildDomain (198ms)
		EndReloadAssembly (1159ms)
			LoadAssemblies (169ms)
			RebuildTransferFunctionScriptingTraits (0ms)
			SetupTypeCache (419ms)
			ReleaseScriptCaches (1ms)
			RebuildScriptCaches (53ms)
			SetupLoadedEditorAssemblies (401ms)
				LogAssemblyErrors (0ms)
				InitializePlatformSupportModulesInManaged (8ms)
				SetLoadedEditorAssemblies (1ms)
				RefreshPlugins (1ms)
				BeforeProcessingInitializeOnLoad (112ms)
				ProcessInitializeOnLoadAttributes (271ms)
				ProcessInitializeOnLoadMethodAttributes (8ms)
				AfterProcessingInitializeOnLoad (1ms)
				EditorAssembliesLoaded (0ms)
			ExecutionOrderSort2 (0ms)
			AwakeInstancesAfterBackupRestoration (10ms)
Platform modules already initialized, skipping
Refreshing native plugins compatible for Editor in 0.63 ms, found 2 plugins.
Preloading 0 native plugins for Editor in 0.00 ms.
Unloading 1738 Unused Serialized files (Serialized files now loaded: 0)
System memory in use before: 203.1 MB.
System memory in use after: 203.2 MB.

Unloading 15 unused Assets to reduce memory usage. Loaded Objects now: 2253.
Total: 3.306526 ms (FindLiveObjects: 0.484826 ms CreateObjectMapping: 0.073401 ms MarkObjects: 2.616398 ms  DeleteObjects: 0.128598 ms)

AssetImportParameters requested are different than current active one (requested -> active):
  custom:video-decoder-ogg-theora: a1e56fd34408186e4bbccfd4996cb3dc -> 
  custom:container-muxer-webm: aa71ff27fc2769a1b78a27578f13a17b -> 
  custom:container-demuxer-webm: 4f35f7cbe854078d1ac9338744f61a02 -> 
  custom:container-demuxer-ogg: 62fdf1f143b41e24485cea50d1cbac27 -> 
  custom:video-encoder-webm-vp8: eb34c28f22e8b96e1ab97ce403110664 -> 
  custom:framework-osx-AVFoundation: e770b220cccbd017edd2c1fefb359320 -> 
  custom:video-decoder-webm-vp8: 9c59270c3fd7afecdb556c50c9e8de78 -> 
  custom:audio-decoder-ogg-vorbis: bf7c407c2cedff20999df2af8eb42d56 -> 
  custom:audio-encoder-webm-vorbis: bf7c407c2cedff20999df2af8eb42d56 -> 
========================================================================
Received Import Request.
  Time since last request: 1834.105300 seconds.
  path: Packages/com.unity.cinemachine/package.json
  artifactKey: Guid(7d93e7b7399fbe64790358e67fc94b18) Importer(815301076,1909f56bfc062723c751e8b465ee728b)
Start importing Packages/com.unity.cinemachine/package.json using Guid(7d93e7b7399fbe64790358e67fc94b18) Importer(815301076,1909f56bfc062723c751e8b465ee728b)  -> (artifact id: '03b75023f3fb28c90fa02f9496b1c2e9') in 0.442839 seconds 
  Import took 0.447321 seconds .

========================================================================
Received Prepare
Registering precompiled user dll's ...
Registered in 0.021546 seconds.
Begin MonoManager ReloadAssembly
Native extension for OSXStandalone target not found
Native extension for WebGL target not found
Refreshing native plugins compatible for Editor in 0.80 ms, found 2 plugins.
Preloading 0 native plugins for Editor in 0.00 ms.
Mono: successfully reloaded assembly
- Completed reload, in  1.440 seconds
Domain Reload Profiling:
	ReloadAssembly (1448ms)
		BeginReloadAssembly (272ms)
			ExecutionOrderSort (0ms)
			DisableScriptedObjects (21ms)
			BackupInstance (0ms)
			ReleaseScriptingObjects (0ms)
			CreateAndSetChildDomain (135ms)
		EndReloadAssembly (1103ms)
			LoadAssemblies (122ms)
			RebuildTransferFunctionScriptingTraits (0ms)
			SetupTypeCache (446ms)
			ReleaseScriptCaches (1ms)
			RebuildScriptCaches (48ms)
			SetupLoadedEditorAssemblies (339ms)
				LogAssemblyErrors (0ms)
				InitializePlatformSupportModulesInManaged (10ms)
				SetLoadedEditorAssemblies (1ms)
				RefreshPlugins (1ms)
				BeforeProcessingInitializeOnLoad (93ms)
				ProcessInitializeOnLoadAttributes (219ms)
				ProcessInitializeOnLoadMethodAttributes (13ms)
				AfterProcessingInitializeOnLoad (2ms)
				EditorAssembliesLoaded (0ms)
			ExecutionOrderSort2 (0ms)
			AwakeInstancesAfterBackupRestoration (10ms)
Platform modules already initialized, skipping
Refreshing native plugins compatible for Editor in 0.61 ms, found 2 plugins.
Preloading 0 native plugins for Editor in 0.00 ms.
Unloading 1739 Unused Serialized files (Serialized files now loaded: 0)
System memory in use before: 207.9 MB.
System memory in use after: 207.9 MB.

Unloading 16 unused Assets to reduce memory usage. Loaded Objects now: 2257.
Total: 3.894855 ms (FindLiveObjects: 0.757672 ms CreateObjectMapping: 0.057930 ms MarkObjects: 2.982668 ms  DeleteObjects: 0.095586 ms)

AssetImportParameters requested are different than current active one (requested -> active):
  custom:video-decoder-ogg-theora: a1e56fd34408186e4bbccfd4996cb3dc -> 
  custom:container-muxer-webm: aa71ff27fc2769a1b78a27578f13a17b -> 
  custom:container-demuxer-webm: 4f35f7cbe854078d1ac9338744f61a02 -> 
  custom:container-demuxer-ogg: 62fdf1f143b41e24485cea50d1cbac27 -> 
  custom:video-encoder-webm-vp8: eb34c28f22e8b96e1ab97ce403110664 -> 
  custom:framework-osx-AVFoundation: e770b220cccbd017edd2c1fefb359320 -> 
  custom:video-decoder-webm-vp8: 9c59270c3fd7afecdb556c50c9e8de78 -> 
  custom:audio-decoder-ogg-vorbis: bf7c407c2cedff20999df2af8eb42d56 -> 
  custom:audio-encoder-webm-vorbis: bf7c407c2cedff20999df2af8eb42d56 -> 
