Using pre-set license

 COMMAND LINE ARGUMENTS:
/Applications/Unity/Hub/Editor/2020.3.15f2/Unity.app/Contents/MacOS/Unity
-adb2
-batchMode
-noUpm
-name
AssetImportWorker0
-projectPath
/Users/yosephkim/mac_gameDev_C#/MotionTest_Playable
-logFile
Logs/AssetImportWorker0.log
-srvPort
50207
Successfully changed project path to: /Users/yosephkim/mac_gameDev_C#/MotionTest_Playable
/Users/yosephkim/mac_gameDev_C#/MotionTest_Playable
Using Asset Import Pipeline V2.
Refreshing native plugins compatible for Editor in 89.01 ms, found 2 plugins.
Preloading 0 native plugins for Editor in 0.00 ms.
Initialize engine version: 2020.3.15f2 (6cf78cb77498)
[Subsystems] Discovering subsystems at path /Applications/Unity/Hub/Editor/2020.3.15f2/Unity.app/Contents/Resources/UnitySubsystems
[Subsystems] Discovering subsystems at path /Users/yosephkim/mac_gameDev_C#/MotionTest_Playable/Assets
GfxDevice: creating device client; threaded=0
2022-03-10 23:53:13.539 Unity[37426:848656] Color LCD preferred device: Intel(R) UHD Graphics 630 (low power)
2022-03-10 23:53:13.539 Unity[37426:848656] Metal devices available: 2
2022-03-10 23:53:13.539 Unity[37426:848656] 0: AMD Radeon Pro 5300M (high power)
2022-03-10 23:53:13.539 Unity[37426:848656] 1: Intel(R) UHD Graphics 630 (low power)
2022-03-10 23:53:13.539 Unity[37426:848656] Using device AMD Radeon Pro 5300M (high power)
Initializing Metal device caps: AMD Radeon Pro 5300M
Initialize mono
Mono path[0] = '/Applications/Unity/Hub/Editor/2020.3.15f2/Unity.app/Contents/Managed'
Mono path[1] = '/Applications/Unity/Hub/Editor/2020.3.15f2/Unity.app/Contents/MonoBleedingEdge/lib/mono/unityjit'
Mono config path = '/Applications/Unity/Hub/Editor/2020.3.15f2/Unity.app/Contents/MonoBleedingEdge/etc'
Using monoOptions --debugger-agent=transport=dt_socket,embedding=1,server=y,suspend=n,address=127.0.0.1:56426
Begin MonoManager ReloadAssembly
Registering precompiled unity dll's ...
Register platform support module: /Applications/Unity/Hub/Editor/2020.3.15f2/PlaybackEngines/WebGLSupport/UnityEditor.WebGL.Extensions.dll
Register platform support module: /Applications/Unity/Hub/Editor/2020.3.15f2/Unity.app/Contents/PlaybackEngines/MacStandaloneSupport/UnityEditor.OSXStandalone.Extensions.dll
Registered in 0.003146 seconds.
Native extension for OSXStandalone target not found
Native extension for WebGL target not found
Refreshing native plugins compatible for Editor in 86.19 ms, found 2 plugins.
Preloading 0 native plugins for Editor in 0.00 ms.
Mono: successfully reloaded assembly
- Completed reload, in  2.139 seconds
Domain Reload Profiling:
	ReloadAssembly (2153ms)
		BeginReloadAssembly (67ms)
			ExecutionOrderSort (0ms)
			DisableScriptedObjects (0ms)
			BackupInstance (0ms)
			ReleaseScriptingObjects (0ms)
			CreateAndSetChildDomain (1ms)
		EndReloadAssembly (702ms)
			LoadAssemblies (54ms)
			RebuildTransferFunctionScriptingTraits (0ms)
			SetupTypeCache (270ms)
			ReleaseScriptCaches (0ms)
			RebuildScriptCaches (57ms)
			SetupLoadedEditorAssemblies (293ms)
				LogAssemblyErrors (0ms)
				InitializePlatformSupportModulesInManaged (7ms)
				SetLoadedEditorAssemblies (0ms)
				RefreshPlugins (86ms)
				BeforeProcessingInitializeOnLoad (10ms)
				ProcessInitializeOnLoadAttributes (142ms)
				ProcessInitializeOnLoadMethodAttributes (47ms)
				AfterProcessingInitializeOnLoad (0ms)
				EditorAssembliesLoaded (0ms)
			ExecutionOrderSort2 (0ms)
			AwakeInstancesAfterBackupRestoration (0ms)
Platform modules already initialized, skipping
Registering precompiled user dll's ...
Registered in 0.007983 seconds.
Begin MonoManager ReloadAssembly
Native extension for OSXStandalone target not found
Native extension for WebGL target not found
Refreshing native plugins compatible for Editor in 0.76 ms, found 2 plugins.
Preloading 0 native plugins for Editor in 0.00 ms.
Mono: successfully reloaded assembly
- Completed reload, in  1.605 seconds
Domain Reload Profiling:
	ReloadAssembly (1606ms)
		BeginReloadAssembly (211ms)
			ExecutionOrderSort (0ms)
			DisableScriptedObjects (8ms)
			BackupInstance (0ms)
			ReleaseScriptingObjects (0ms)
			CreateAndSetChildDomain (33ms)
		EndReloadAssembly (1301ms)
			LoadAssemblies (111ms)
			RebuildTransferFunctionScriptingTraits (0ms)
			SetupTypeCache (490ms)
			ReleaseScriptCaches (1ms)
			RebuildScriptCaches (85ms)
			SetupLoadedEditorAssemblies (439ms)
				LogAssemblyErrors (0ms)
				InitializePlatformSupportModulesInManaged (8ms)
				SetLoadedEditorAssemblies (1ms)
				RefreshPlugins (1ms)
				BeforeProcessingInitializeOnLoad (108ms)
				ProcessInitializeOnLoadAttributes (305ms)
				ProcessInitializeOnLoadMethodAttributes (14ms)
				AfterProcessingInitializeOnLoad (1ms)
				EditorAssembliesLoaded (0ms)
			ExecutionOrderSort2 (0ms)
			AwakeInstancesAfterBackupRestoration (10ms)
Platform modules already initialized, skipping
========================================================================
Worker process is ready to serve import requests
Launching external process: /Applications/Unity/Hub/Editor/2020.3.15f2/Unity.app/Contents/Tools/UnityShaderCompiler
Launched and connected shader compiler UnityShaderCompiler after 0.02 seconds
Refreshing native plugins compatible for Editor in 0.78 ms, found 2 plugins.
Preloading 0 native plugins for Editor in 0.00 ms.
Unloading 1613 Unused Serialized files (Serialized files now loaded: 0)
System memory in use before: 147.3 MB.
System memory in use after: 147.4 MB.

Unloading 19 unused Assets to reduce memory usage. Loaded Objects now: 2046.
Total: 2.804419 ms (FindLiveObjects: 0.212803 ms CreateObjectMapping: 0.065684 ms MarkObjects: 2.435275 ms  DeleteObjects: 0.089568 ms)

AssetImportParameters requested are different than current active one (requested -> active):
  custom:video-decoder-ogg-theora: a1e56fd34408186e4bbccfd4996cb3dc -> 
  custom:container-muxer-webm: aa71ff27fc2769a1b78a27578f13a17b -> 
  custom:container-demuxer-webm: 4f35f7cbe854078d1ac9338744f61a02 -> 
  custom:container-demuxer-ogg: 62fdf1f143b41e24485cea50d1cbac27 -> 
  custom:video-encoder-webm-vp8: eb34c28f22e8b96e1ab97ce403110664 -> 
  custom:framework-osx-AVFoundation: e770b220cccbd017edd2c1fefb359320 -> 
  custom:video-decoder-webm-vp8: 9c59270c3fd7afecdb556c50c9e8de78 -> 
  custom:audio-decoder-ogg-vorbis: bf7c407c2cedff20999df2af8eb42d56 -> 
  custom:audio-encoder-webm-vorbis: bf7c407c2cedff20999df2af8eb42d56 -> 
========================================================================
Received Import Request.
  path: Assets/Floor.prefab
  artifactKey: Guid(be147caf2e2c2674e8a64a07c844628e) Importer(815301076,1909f56bfc062723c751e8b465ee728b)
Start importing Assets/Floor.prefab using Guid(be147caf2e2c2674e8a64a07c844628e) Importer(815301076,1909f56bfc062723c751e8b465ee728b)  -> (artifact id: '493ebba8727abb572a6e81ede9fc3fc9') in 1.929087 seconds 
  Import took 1.932840 seconds .

========================================================================
Received Import Request.
  Time since last request: 0.000321 seconds.
  path: Assets/PlayerCharacter.prefab
  artifactKey: Guid(599b14b462954d84a924dd68bdf3d156) Importer(815301076,1909f56bfc062723c751e8b465ee728b)
Start importing Assets/PlayerCharacter.prefab using Guid(599b14b462954d84a924dd68bdf3d156) Importer(815301076,1909f56bfc062723c751e8b465ee728b) Asset 'Chara_4Hero_Controller': Transition 'Dead -> Exit' in state 'Dead' doesn't have an Exit Time or any condition, transition will be ignored
UnityEngine.StackTraceUtility:ExtractStackTrace () (at /Users/bokken/buildslave/unity/build/Runtime/Export/Scripting/StackTrace.cs:37)
UnityEditor.EditorUtility:Internal_InstantiateRemoveAllNonAnimationComponentsSingle (UnityEngine.Object,UnityEngine.Vector3,UnityEngine.Quaternion)
UnityEditor.EditorUtility:InstantiateRemoveAllNonAnimationComponents (UnityEngine.Object,UnityEngine.Vector3,UnityEngine.Quaternion) (at /Users/bokken/buildslave/unity/build/Editor/Mono/EditorUtility.cs:636)
UnityEditor.EditorUtility:InstantiateForAnimatorPreview (UnityEngine.Object) (at /Users/bokken/buildslave/unity/build/Editor/Mono/EditorUtility.cs:602)
UnityEditor.GameObjectInspector/PreviewData:UpdateGameObject (UnityEngine.Object) (at /Users/bokken/buildslave/unity/build/Editor/Mono/Inspector/GameObjectInspector.cs:98)
UnityEditor.GameObjectInspector/PreviewData:.ctor (UnityEngine.Object) (at /Users/bokken/buildslave/unity/build/Editor/Mono/Inspector/GameObjectInspector.cs:92)
UnityEditor.GameObjectInspector:GetPreviewData () (at /Users/bokken/buildslave/unity/build/Editor/Mono/Inspector/GameObjectInspector.cs:620)
UnityEditor.GameObjectInspector:RenderStaticPreview (string,UnityEngine.Object[],int,int) (at /Users/bokken/buildslave/unity/build/Editor/Mono/Inspector/GameObjectInspector.cs:830)
UnityEditor.AssetPreviewUpdater:CreatePreviewForAsset (UnityEngine.Object,UnityEngine.Object[],string) (at /Users/bokken/buildslave/unity/build/Editor/Mono/AssetPreviewUpdater.cs:33)

[/Users/bokken/buildslave/unity/build/Runtime/Export/Scripting/StackTrace.cs line 37]

 -> (artifact id: '722c62da2b9f864a12f3515ac8c851b4') in 0.915624 seconds 
  Import took 0.919684 seconds .

========================================================================
Received Import Request.
  Time since last request: 0.000211 seconds.
  path: Assets/PlyWood.prefab
  artifactKey: Guid(1b7908d717ff9514494f1c0ed7e13cf9) Importer(815301076,1909f56bfc062723c751e8b465ee728b)
Start importing Assets/PlyWood.prefab using Guid(1b7908d717ff9514494f1c0ed7e13cf9) Importer(815301076,1909f56bfc062723c751e8b465ee728b)  -> (artifact id: 'd2c89065a4cc203ff9b1ebbebb874733') in 0.654119 seconds 
  Import took 0.657158 seconds .

========================================================================
Received Import Request.
  Time since last request: 0.000281 seconds.
  path: Assets/Enemy.prefab
  artifactKey: Guid(d255fcdbfbb3e0e45a42c2b906e9e4aa) Importer(815301076,1909f56bfc062723c751e8b465ee728b)
Start importing Assets/Enemy.prefab using Guid(d255fcdbfbb3e0e45a42c2b906e9e4aa) Importer(815301076,1909f56bfc062723c751e8b465ee728b)  -> (artifact id: 'c0eda507fb1cae76931f0a1ea62a98f5') in 0.019611 seconds 
  Import took 0.022820 seconds .

========================================================================
Received Import Request.
  Time since last request: 0.000231 seconds.
  path: Assets/Ground.prefab
  artifactKey: Guid(722bbd1b4d11abc4380bdb203fd905b6) Importer(815301076,1909f56bfc062723c751e8b465ee728b)
Start importing Assets/Ground.prefab using Guid(722bbd1b4d11abc4380bdb203fd905b6) Importer(815301076,1909f56bfc062723c751e8b465ee728b)  -> (artifact id: '1eefada54e6471ac418ecdefc3470b0f') in 0.040907 seconds 
  Import took 0.046560 seconds .

========================================================================
Received Import Request.
  Time since last request: 0.000286 seconds.
  path: Assets/Carpet.prefab
  artifactKey: Guid(4f6d9626159f92a488dd8f8c2ae8add4) Importer(815301076,1909f56bfc062723c751e8b465ee728b)
Start importing Assets/Carpet.prefab using Guid(4f6d9626159f92a488dd8f8c2ae8add4) Importer(815301076,1909f56bfc062723c751e8b465ee728b)  -> (artifact id: '22063c22beb8c408b6ab268263af2439') in 0.070340 seconds 
  Import took 0.073728 seconds .

========================================================================
Received Import Request.
  Time since last request: 0.000265 seconds.
  path: Assets/BedCharacter.prefab
  artifactKey: Guid(59cddf0b938ec2e49873e6731fc13197) Importer(815301076,1909f56bfc062723c751e8b465ee728b)
Start importing Assets/BedCharacter.prefab using Guid(59cddf0b938ec2e49873e6731fc13197) Importer(815301076,1909f56bfc062723c751e8b465ee728b) Asset 'Chara_4Hero_Controller': Transition 'Dead -> Exit' in state 'Dead' doesn't have an Exit Time or any condition, transition will be ignored
UnityEngine.StackTraceUtility:ExtractStackTrace () (at /Users/bokken/buildslave/unity/build/Runtime/Export/Scripting/StackTrace.cs:37)
UnityEditor.EditorUtility:Internal_InstantiateRemoveAllNonAnimationComponentsSingle (UnityEngine.Object,UnityEngine.Vector3,UnityEngine.Quaternion)
UnityEditor.EditorUtility:InstantiateRemoveAllNonAnimationComponents (UnityEngine.Object,UnityEngine.Vector3,UnityEngine.Quaternion) (at /Users/bokken/buildslave/unity/build/Editor/Mono/EditorUtility.cs:636)
UnityEditor.EditorUtility:InstantiateForAnimatorPreview (UnityEngine.Object) (at /Users/bokken/buildslave/unity/build/Editor/Mono/EditorUtility.cs:602)
UnityEditor.GameObjectInspector/PreviewData:UpdateGameObject (UnityEngine.Object) (at /Users/bokken/buildslave/unity/build/Editor/Mono/Inspector/GameObjectInspector.cs:98)
UnityEditor.GameObjectInspector/PreviewData:.ctor (UnityEngine.Object) (at /Users/bokken/buildslave/unity/build/Editor/Mono/Inspector/GameObjectInspector.cs:92)
UnityEditor.GameObjectInspector:GetPreviewData () (at /Users/bokken/buildslave/unity/build/Editor/Mono/Inspector/GameObjectInspector.cs:620)
UnityEditor.GameObjectInspector:RenderStaticPreview (string,UnityEngine.Object[],int,int) (at /Users/bokken/buildslave/unity/build/Editor/Mono/Inspector/GameObjectInspector.cs:830)
UnityEditor.AssetPreviewUpdater:CreatePreviewForAsset (UnityEngine.Object,UnityEngine.Object[],string) (at /Users/bokken/buildslave/unity/build/Editor/Mono/AssetPreviewUpdater.cs:33)

[/Users/bokken/buildslave/unity/build/Runtime/Export/Scripting/StackTrace.cs line 37]

 -> (artifact id: 'e119adef516ca1f587a1df10e5f66958') in 0.030146 seconds 
  Import took 0.033890 seconds .

========================================================================
Received Import Request.
  Time since last request: 0.000254 seconds.
  path: Assets/3Character.prefab
  artifactKey: Guid(8f54db9f9cc7fb24ab86b2270c9d93cb) Importer(815301076,1909f56bfc062723c751e8b465ee728b)
Start importing Assets/3Character.prefab using Guid(8f54db9f9cc7fb24ab86b2270c9d93cb) Importer(815301076,1909f56bfc062723c751e8b465ee728b) Asset 'Chara_4Hero_Controller': Transition 'Dead -> Exit' in state 'Dead' doesn't have an Exit Time or any condition, transition will be ignored
UnityEngine.StackTraceUtility:ExtractStackTrace () (at /Users/bokken/buildslave/unity/build/Runtime/Export/Scripting/StackTrace.cs:37)
UnityEditor.EditorUtility:Internal_InstantiateRemoveAllNonAnimationComponentsSingle (UnityEngine.Object,UnityEngine.Vector3,UnityEngine.Quaternion)
UnityEditor.EditorUtility:InstantiateRemoveAllNonAnimationComponents (UnityEngine.Object,UnityEngine.Vector3,UnityEngine.Quaternion) (at /Users/bokken/buildslave/unity/build/Editor/Mono/EditorUtility.cs:636)
UnityEditor.EditorUtility:InstantiateForAnimatorPreview (UnityEngine.Object) (at /Users/bokken/buildslave/unity/build/Editor/Mono/EditorUtility.cs:602)
UnityEditor.GameObjectInspector/PreviewData:UpdateGameObject (UnityEngine.Object) (at /Users/bokken/buildslave/unity/build/Editor/Mono/Inspector/GameObjectInspector.cs:98)
UnityEditor.GameObjectInspector/PreviewData:.ctor (UnityEngine.Object) (at /Users/bokken/buildslave/unity/build/Editor/Mono/Inspector/GameObjectInspector.cs:92)
UnityEditor.GameObjectInspector:GetPreviewData () (at /Users/bokken/buildslave/unity/build/Editor/Mono/Inspector/GameObjectInspector.cs:620)
UnityEditor.GameObjectInspector:RenderStaticPreview (string,UnityEngine.Object[],int,int) (at /Users/bokken/buildslave/unity/build/Editor/Mono/Inspector/GameObjectInspector.cs:830)
UnityEditor.AssetPreviewUpdater:CreatePreviewForAsset (UnityEngine.Object,UnityEngine.Object[],string) (at /Users/bokken/buildslave/unity/build/Editor/Mono/AssetPreviewUpdater.cs:33)

[/Users/bokken/buildslave/unity/build/Runtime/Export/Scripting/StackTrace.cs line 37]

 -> (artifact id: 'afc970b207cb1e0a7532365cc69eb774') in 0.034861 seconds 
  Import took 0.038916 seconds .

========================================================================
Received Import Request.
  Time since last request: 0.000256 seconds.
  path: Assets/4Character.prefab
  artifactKey: Guid(bf7776e7293f75b459e6dd3bcbdc4622) Importer(815301076,1909f56bfc062723c751e8b465ee728b)
Start importing Assets/4Character.prefab using Guid(bf7776e7293f75b459e6dd3bcbdc4622) Importer(815301076,1909f56bfc062723c751e8b465ee728b) Asset 'Chara_4Hero_Controller': Transition 'Dead -> Exit' in state 'Dead' doesn't have an Exit Time or any condition, transition will be ignored
UnityEngine.StackTraceUtility:ExtractStackTrace () (at /Users/bokken/buildslave/unity/build/Runtime/Export/Scripting/StackTrace.cs:37)
UnityEditor.EditorUtility:Internal_InstantiateRemoveAllNonAnimationComponentsSingle (UnityEngine.Object,UnityEngine.Vector3,UnityEngine.Quaternion)
UnityEditor.EditorUtility:InstantiateRemoveAllNonAnimationComponents (UnityEngine.Object,UnityEngine.Vector3,UnityEngine.Quaternion) (at /Users/bokken/buildslave/unity/build/Editor/Mono/EditorUtility.cs:636)
UnityEditor.EditorUtility:InstantiateForAnimatorPreview (UnityEngine.Object) (at /Users/bokken/buildslave/unity/build/Editor/Mono/EditorUtility.cs:602)
UnityEditor.GameObjectInspector/PreviewData:UpdateGameObject (UnityEngine.Object) (at /Users/bokken/buildslave/unity/build/Editor/Mono/Inspector/GameObjectInspector.cs:98)
UnityEditor.GameObjectInspector/PreviewData:.ctor (UnityEngine.Object) (at /Users/bokken/buildslave/unity/build/Editor/Mono/Inspector/GameObjectInspector.cs:92)
UnityEditor.GameObjectInspector:GetPreviewData () (at /Users/bokken/buildslave/unity/build/Editor/Mono/Inspector/GameObjectInspector.cs:620)
UnityEditor.GameObjectInspector:RenderStaticPreview (string,UnityEngine.Object[],int,int) (at /Users/bokken/buildslave/unity/build/Editor/Mono/Inspector/GameObjectInspector.cs:830)
UnityEditor.AssetPreviewUpdater:CreatePreviewForAsset (UnityEngine.Object,UnityEngine.Object[],string) (at /Users/bokken/buildslave/unity/build/Editor/Mono/AssetPreviewUpdater.cs:33)

[/Users/bokken/buildslave/unity/build/Runtime/Export/Scripting/StackTrace.cs line 37]

 -> (artifact id: '8e38774938234f0b6c335da6a8d36123') in 0.034271 seconds 
  Import took 0.038645 seconds .

========================================================================
Received Import Request.
  Time since last request: 0.000272 seconds.
  path: Assets/2Character.prefab
  artifactKey: Guid(16a6e64332016d04b8a7701ffbd417cd) Importer(815301076,1909f56bfc062723c751e8b465ee728b)
Start importing Assets/2Character.prefab using Guid(16a6e64332016d04b8a7701ffbd417cd) Importer(815301076,1909f56bfc062723c751e8b465ee728b) Asset 'Chara_4Hero_Controller': Transition 'Dead -> Exit' in state 'Dead' doesn't have an Exit Time or any condition, transition will be ignored
UnityEngine.StackTraceUtility:ExtractStackTrace () (at /Users/bokken/buildslave/unity/build/Runtime/Export/Scripting/StackTrace.cs:37)
UnityEditor.EditorUtility:Internal_InstantiateRemoveAllNonAnimationComponentsSingle (UnityEngine.Object,UnityEngine.Vector3,UnityEngine.Quaternion)
UnityEditor.EditorUtility:InstantiateRemoveAllNonAnimationComponents (UnityEngine.Object,UnityEngine.Vector3,UnityEngine.Quaternion) (at /Users/bokken/buildslave/unity/build/Editor/Mono/EditorUtility.cs:636)
UnityEditor.EditorUtility:InstantiateForAnimatorPreview (UnityEngine.Object) (at /Users/bokken/buildslave/unity/build/Editor/Mono/EditorUtility.cs:602)
UnityEditor.GameObjectInspector/PreviewData:UpdateGameObject (UnityEngine.Object) (at /Users/bokken/buildslave/unity/build/Editor/Mono/Inspector/GameObjectInspector.cs:98)
UnityEditor.GameObjectInspector/PreviewData:.ctor (UnityEngine.Object) (at /Users/bokken/buildslave/unity/build/Editor/Mono/Inspector/GameObjectInspector.cs:92)
UnityEditor.GameObjectInspector:GetPreviewData () (at /Users/bokken/buildslave/unity/build/Editor/Mono/Inspector/GameObjectInspector.cs:620)
UnityEditor.GameObjectInspector:RenderStaticPreview (string,UnityEngine.Object[],int,int) (at /Users/bokken/buildslave/unity/build/Editor/Mono/Inspector/GameObjectInspector.cs:830)
UnityEditor.AssetPreviewUpdater:CreatePreviewForAsset (UnityEngine.Object,UnityEngine.Object[],string) (at /Users/bokken/buildslave/unity/build/Editor/Mono/AssetPreviewUpdater.cs:33)

[/Users/bokken/buildslave/unity/build/Runtime/Export/Scripting/StackTrace.cs line 37]

 -> (artifact id: 'b72e62bea349219a47625beacff4d4e3') in 0.035799 seconds 
  Import took 0.040365 seconds .

========================================================================
Received Import Request.
  Time since last request: 0.000248 seconds.
  path: Assets/Frame.prefab
  artifactKey: Guid(b441467c8be0ff1449ef893d29b93f73) Importer(815301076,1909f56bfc062723c751e8b465ee728b)
Start importing Assets/Frame.prefab using Guid(b441467c8be0ff1449ef893d29b93f73) Importer(815301076,1909f56bfc062723c751e8b465ee728b)  -> (artifact id: '521d93511a8ae970c1d627603f07a765') in 0.027387 seconds 
  Import took 0.030646 seconds .

========================================================================
Received Import Request.
  Time since last request: 0.000197 seconds.
  path: Assets/1Character.prefab
  artifactKey: Guid(b45f4c0bab3faee4090f19a42b341a7a) Importer(815301076,1909f56bfc062723c751e8b465ee728b)
Start importing Assets/1Character.prefab using Guid(b45f4c0bab3faee4090f19a42b341a7a) Importer(815301076,1909f56bfc062723c751e8b465ee728b) Asset 'Chara_4Hero_Controller': Transition 'Dead -> Exit' in state 'Dead' doesn't have an Exit Time or any condition, transition will be ignored
UnityEngine.StackTraceUtility:ExtractStackTrace () (at /Users/bokken/buildslave/unity/build/Runtime/Export/Scripting/StackTrace.cs:37)
UnityEditor.EditorUtility:Internal_InstantiateRemoveAllNonAnimationComponentsSingle (UnityEngine.Object,UnityEngine.Vector3,UnityEngine.Quaternion)
UnityEditor.EditorUtility:InstantiateRemoveAllNonAnimationComponents (UnityEngine.Object,UnityEngine.Vector3,UnityEngine.Quaternion) (at /Users/bokken/buildslave/unity/build/Editor/Mono/EditorUtility.cs:636)
UnityEditor.EditorUtility:InstantiateForAnimatorPreview (UnityEngine.Object) (at /Users/bokken/buildslave/unity/build/Editor/Mono/EditorUtility.cs:602)
UnityEditor.GameObjectInspector/PreviewData:UpdateGameObject (UnityEngine.Object) (at /Users/bokken/buildslave/unity/build/Editor/Mono/Inspector/GameObjectInspector.cs:98)
UnityEditor.GameObjectInspector/PreviewData:.ctor (UnityEngine.Object) (at /Users/bokken/buildslave/unity/build/Editor/Mono/Inspector/GameObjectInspector.cs:92)
UnityEditor.GameObjectInspector:GetPreviewData () (at /Users/bokken/buildslave/unity/build/Editor/Mono/Inspector/GameObjectInspector.cs:620)
UnityEditor.GameObjectInspector:RenderStaticPreview (string,UnityEngine.Object[],int,int) (at /Users/bokken/buildslave/unity/build/Editor/Mono/Inspector/GameObjectInspector.cs:830)
UnityEditor.AssetPreviewUpdater:CreatePreviewForAsset (UnityEngine.Object,UnityEngine.Object[],string) (at /Users/bokken/buildslave/unity/build/Editor/Mono/AssetPreviewUpdater.cs:33)

[/Users/bokken/buildslave/unity/build/Runtime/Export/Scripting/StackTrace.cs line 37]

 -> (artifact id: '2c1e1881d09bcc3a011b0a20c3152b61') in 0.027033 seconds 
  Import took 0.031510 seconds .

========================================================================
Received Import Request.
  Time since last request: 0.000315 seconds.
  path: Assets/black.png
  artifactKey: Guid(5dd2d3a1e01c9d24f8e5708c04433643) Importer(815301076,1909f56bfc062723c751e8b465ee728b)
Start importing Assets/black.png using Guid(5dd2d3a1e01c9d24f8e5708c04433643) Importer(815301076,1909f56bfc062723c751e8b465ee728b)  -> (artifact id: '1c326c0d47debd8dfce0175247d42614') in 1.542028 seconds 
  Import took 1.545620 seconds .

========================================================================
Received Import Request.
  Time since last request: 0.000236 seconds.
  path: Assets/Garden.mp4
  artifactKey: Guid(d276216ccfa448d4f8327352aba899ac) Importer(815301076,1909f56bfc062723c751e8b465ee728b)
Start importing Assets/Garden.mp4 using Guid(d276216ccfa448d4f8327352aba899ac) Importer(815301076,1909f56bfc062723c751e8b465ee728b)  -> (artifact id: '6d4dd8750c0541277ad8869931c1ebea') in 0.462272 seconds 
  Import took 0.465518 seconds .

========================================================================
Received Import Request.
  Time since last request: 20.861218 seconds.
  path: Assets/spider.prefab
  artifactKey: Guid(cb40199b315e13e46bbb588d2f149f5a) Importer(815301076,1909f56bfc062723c751e8b465ee728b)
Start importing Assets/spider.prefab using Guid(cb40199b315e13e46bbb588d2f149f5a) Importer(815301076,1909f56bfc062723c751e8b465ee728b)  -> (artifact id: '318f56b3f8781fddbdd0266bca704730') in 0.384820 seconds 
  Import took 0.388760 seconds .

========================================================================
Received Import Request.
  Time since last request: 1.460921 seconds.
  path: Assets/Teddy.prefab
  artifactKey: Guid(ca7bd9c1605635f4595f04c1f140441e) Importer(815301076,1909f56bfc062723c751e8b465ee728b)
Start importing Assets/Teddy.prefab using Guid(ca7bd9c1605635f4595f04c1f140441e) Importer(815301076,1909f56bfc062723c751e8b465ee728b)  -> (artifact id: '6528a70ce18174dfd5527c062af383d5') in 0.014531 seconds 
  Import took 0.018463 seconds .

========================================================================
Received Import Request.
  Time since last request: 0.000275 seconds.
  path: Assets/Wall.prefab
  artifactKey: Guid(d620f4c8627be494e9193e12e22845e4) Importer(815301076,1909f56bfc062723c751e8b465ee728b)
Start importing Assets/Wall.prefab using Guid(d620f4c8627be494e9193e12e22845e4) Importer(815301076,1909f56bfc062723c751e8b465ee728b)  -> (artifact id: 'e36c0b1c1a61c89286238b1c36c37d5a') in 0.033820 seconds 
  Import took 0.038382 seconds .

========================================================================
Received Import Request.
  Time since last request: 0.000296 seconds.
  path: Assets/Wall2.prefab
  artifactKey: Guid(958472353cdfa2a41b302780dbf92940) Importer(815301076,1909f56bfc062723c751e8b465ee728b)
Start importing Assets/Wall2.prefab using Guid(958472353cdfa2a41b302780dbf92940) Importer(815301076,1909f56bfc062723c751e8b465ee728b)  -> (artifact id: 'c4b5e5c3e4f17468784897ac74c3574a') in 0.015541 seconds 
  Import took 0.019747 seconds .

========================================================================
Received Import Request.
  Time since last request: 0.000265 seconds.
  path: Assets/TestCharacter.prefab
  artifactKey: Guid(52314b82888c0ee489f6041c8d887afe) Importer(815301076,1909f56bfc062723c751e8b465ee728b)
Start importing Assets/TestCharacter.prefab using Guid(52314b82888c0ee489f6041c8d887afe) Importer(815301076,1909f56bfc062723c751e8b465ee728b) Asset 'Chara_4Hero_Controller': Transition 'Dead -> Exit' in state 'Dead' doesn't have an Exit Time or any condition, transition will be ignored
UnityEngine.StackTraceUtility:ExtractStackTrace () (at /Users/bokken/buildslave/unity/build/Runtime/Export/Scripting/StackTrace.cs:37)
UnityEditor.EditorUtility:Internal_InstantiateRemoveAllNonAnimationComponentsSingle (UnityEngine.Object,UnityEngine.Vector3,UnityEngine.Quaternion)
UnityEditor.EditorUtility:InstantiateRemoveAllNonAnimationComponents (UnityEngine.Object,UnityEngine.Vector3,UnityEngine.Quaternion) (at /Users/bokken/buildslave/unity/build/Editor/Mono/EditorUtility.cs:636)
UnityEditor.EditorUtility:InstantiateForAnimatorPreview (UnityEngine.Object) (at /Users/bokken/buildslave/unity/build/Editor/Mono/EditorUtility.cs:602)
UnityEditor.GameObjectInspector/PreviewData:UpdateGameObject (UnityEngine.Object) (at /Users/bokken/buildslave/unity/build/Editor/Mono/Inspector/GameObjectInspector.cs:98)
UnityEditor.GameObjectInspector/PreviewData:.ctor (UnityEngine.Object) (at /Users/bokken/buildslave/unity/build/Editor/Mono/Inspector/GameObjectInspector.cs:92)
UnityEditor.GameObjectInspector:GetPreviewData () (at /Users/bokken/buildslave/unity/build/Editor/Mono/Inspector/GameObjectInspector.cs:620)
UnityEditor.GameObjectInspector:RenderStaticPreview (string,UnityEngine.Object[],int,int) (at /Users/bokken/buildslave/unity/build/Editor/Mono/Inspector/GameObjectInspector.cs:830)
UnityEditor.AssetPreviewUpdater:CreatePreviewForAsset (UnityEngine.Object,UnityEngine.Object[],string) (at /Users/bokken/buildslave/unity/build/Editor/Mono/AssetPreviewUpdater.cs:33)

[/Users/bokken/buildslave/unity/build/Runtime/Export/Scripting/StackTrace.cs line 37]

 -> (artifact id: 'f2080984b9e077789937e14c2e4ae510') in 0.043047 seconds 
  Import took 0.048189 seconds .

========================================================================
Received Import Request.
  Time since last request: 0.000284 seconds.
  path: Assets/Wall 1.prefab
  artifactKey: Guid(ede17953c1ca640439f56f760c324d6b) Importer(815301076,1909f56bfc062723c751e8b465ee728b)
Start importing Assets/Wall 1.prefab using Guid(ede17953c1ca640439f56f760c324d6b) Importer(815301076,1909f56bfc062723c751e8b465ee728b)  -> (artifact id: 'b958cdd4dfa7e9e92fb69ab12e7b0ced') in 0.065479 seconds 
  Import took 0.069366 seconds .

========================================================================
Received Import Request.
  Time since last request: 0.000244 seconds.
  path: Assets/TestCharacter.prefab
  artifactKey: Guid(52314b82888c0ee489f6041c8d887afe) Importer(815301076,1909f56bfc062723c751e8b465ee728b)
Start importing Assets/TestCharacter.prefab using Guid(52314b82888c0ee489f6041c8d887afe) Importer(815301076,1909f56bfc062723c751e8b465ee728b) Asset 'Chara_4Hero_Controller': Transition 'Dead -> Exit' in state 'Dead' doesn't have an Exit Time or any condition, transition will be ignored
UnityEngine.StackTraceUtility:ExtractStackTrace () (at /Users/bokken/buildslave/unity/build/Runtime/Export/Scripting/StackTrace.cs:37)
UnityEditor.EditorUtility:Internal_InstantiateRemoveAllNonAnimationComponentsSingle (UnityEngine.Object,UnityEngine.Vector3,UnityEngine.Quaternion)
UnityEditor.EditorUtility:InstantiateRemoveAllNonAnimationComponents (UnityEngine.Object,UnityEngine.Vector3,UnityEngine.Quaternion) (at /Users/bokken/buildslave/unity/build/Editor/Mono/EditorUtility.cs:636)
UnityEditor.EditorUtility:InstantiateForAnimatorPreview (UnityEngine.Object) (at /Users/bokken/buildslave/unity/build/Editor/Mono/EditorUtility.cs:602)
UnityEditor.GameObjectInspector/PreviewData:UpdateGameObject (UnityEngine.Object) (at /Users/bokken/buildslave/unity/build/Editor/Mono/Inspector/GameObjectInspector.cs:98)
UnityEditor.GameObjectInspector/PreviewData:.ctor (UnityEngine.Object) (at /Users/bokken/buildslave/unity/build/Editor/Mono/Inspector/GameObjectInspector.cs:92)
UnityEditor.GameObjectInspector:GetPreviewData () (at /Users/bokken/buildslave/unity/build/Editor/Mono/Inspector/GameObjectInspector.cs:620)
UnityEditor.GameObjectInspector:RenderStaticPreview (string,UnityEngine.Object[],int,int) (at /Users/bokken/buildslave/unity/build/Editor/Mono/Inspector/GameObjectInspector.cs:830)
UnityEditor.AssetPreviewUpdater:CreatePreviewForAsset (UnityEngine.Object,UnityEngine.Object[],string) (at /Users/bokken/buildslave/unity/build/Editor/Mono/AssetPreviewUpdater.cs:33)

[/Users/bokken/buildslave/unity/build/Runtime/Export/Scripting/StackTrace.cs line 37]

 -> (artifact id: 'f2080984b9e077789937e14c2e4ae510') in 0.029221 seconds 
  Import took 0.033149 seconds .

========================================================================
Received Import Request.
  Time since last request: 1.062266 seconds.
  path: Assets/WallTestCharacter.prefab
  artifactKey: Guid(ca5706958744bf549b71650147d733ff) Importer(815301076,1909f56bfc062723c751e8b465ee728b)
Start importing Assets/WallTestCharacter.prefab using Guid(ca5706958744bf549b71650147d733ff) Importer(815301076,1909f56bfc062723c751e8b465ee728b) Asset 'Chara_4Hero_Controller': Transition 'Dead -> Exit' in state 'Dead' doesn't have an Exit Time or any condition, transition will be ignored
UnityEngine.StackTraceUtility:ExtractStackTrace () (at /Users/bokken/buildslave/unity/build/Runtime/Export/Scripting/StackTrace.cs:37)
UnityEditor.EditorUtility:Internal_InstantiateRemoveAllNonAnimationComponentsSingle (UnityEngine.Object,UnityEngine.Vector3,UnityEngine.Quaternion)
UnityEditor.EditorUtility:InstantiateRemoveAllNonAnimationComponents (UnityEngine.Object,UnityEngine.Vector3,UnityEngine.Quaternion) (at /Users/bokken/buildslave/unity/build/Editor/Mono/EditorUtility.cs:636)
UnityEditor.EditorUtility:InstantiateForAnimatorPreview (UnityEngine.Object) (at /Users/bokken/buildslave/unity/build/Editor/Mono/EditorUtility.cs:602)
UnityEditor.GameObjectInspector/PreviewData:UpdateGameObject (UnityEngine.Object) (at /Users/bokken/buildslave/unity/build/Editor/Mono/Inspector/GameObjectInspector.cs:98)
UnityEditor.GameObjectInspector/PreviewData:.ctor (UnityEngine.Object) (at /Users/bokken/buildslave/unity/build/Editor/Mono/Inspector/GameObjectInspector.cs:92)
UnityEditor.GameObjectInspector:GetPreviewData () (at /Users/bokken/buildslave/unity/build/Editor/Mono/Inspector/GameObjectInspector.cs:620)
UnityEditor.GameObjectInspector:RenderStaticPreview (string,UnityEngine.Object[],int,int) (at /Users/bokken/buildslave/unity/build/Editor/Mono/Inspector/GameObjectInspector.cs:830)
UnityEditor.AssetPreviewUpdater:CreatePreviewForAsset (UnityEngine.Object,UnityEngine.Object[],string) (at /Users/bokken/buildslave/unity/build/Editor/Mono/AssetPreviewUpdater.cs:33)

[/Users/bokken/buildslave/unity/build/Runtime/Export/Scripting/StackTrace.cs line 37]

 -> (artifact id: '3c2fab4622b9cd64ac5013cb6cdc55db') in 0.030112 seconds 
  Import took 0.035217 seconds .

========================================================================
Received Import Request.
  Time since last request: 0.000272 seconds.
  path: Assets/Wolf Black.prefab
  artifactKey: Guid(ddff7bd87fc84ee47a313f6bbaeba35f) Importer(815301076,1909f56bfc062723c751e8b465ee728b)
Start importing Assets/Wolf Black.prefab using Guid(ddff7bd87fc84ee47a313f6bbaeba35f) Importer(815301076,1909f56bfc062723c751e8b465ee728b)  -> (artifact id: '84d0b8506c70fa3e1ebd8df9bebfa873') in 0.080100 seconds 
  Import took 0.084675 seconds .

========================================================================
Received Import Request.
  Time since last request: 0.000262 seconds.
  path: Assets/그림4.png
  artifactKey: Guid(9124a08bcaef37c49a5d0ddaa819b50e) Importer(815301076,1909f56bfc062723c751e8b465ee728b)
Start importing Assets/그림4.png using Guid(9124a08bcaef37c49a5d0ddaa819b50e) Importer(815301076,1909f56bfc062723c751e8b465ee728b)  -> (artifact id: 'd974be1bff80e84476c7d0b5550499cf') in 0.008842 seconds 
  Import took 0.012227 seconds .

========================================================================
Received Import Request.
  Time since last request: 13.248825 seconds.
  path: Assets/Scenes
  artifactKey: Guid(f2b6121646977264991b326350513e73) Importer(815301076,1909f56bfc062723c751e8b465ee728b)
Start importing Assets/Scenes using Guid(f2b6121646977264991b326350513e73) Importer(815301076,1909f56bfc062723c751e8b465ee728b)  -> (artifact id: '597869edc315c605d0c5630e954bba91') in 0.001293 seconds 
  Import took 0.004618 seconds .

========================================================================
Received Import Request.
  Time since last request: 0.021117 seconds.
  path: Assets/Scenes
  artifactKey: Guid(f2b6121646977264991b326350513e73) Importer(815301076,1909f56bfc062723c751e8b465ee728b)
Start importing Assets/Scenes using Guid(f2b6121646977264991b326350513e73) Importer(815301076,1909f56bfc062723c751e8b465ee728b)  -> (artifact id: '597869edc315c605d0c5630e954bba91') in 0.001010 seconds 
  Import took 0.004405 seconds .

========================================================================
Received Import Request.
  Time since last request: 0.027184 seconds.
  path: Assets/Scenes/Character2d.prefab
  artifactKey: Guid(ffb9a0886bc66264db80b8894c6d10fd) Importer(815301076,1909f56bfc062723c751e8b465ee728b)
Start importing Assets/Scenes/Character2d.prefab using Guid(ffb9a0886bc66264db80b8894c6d10fd) Importer(815301076,1909f56bfc062723c751e8b465ee728b)  -> (artifact id: 'bb63079e46ed0ca6c428729327307853') in 0.015154 seconds 
  Import took 0.018427 seconds .

========================================================================
Received Import Request.
  Time since last request: 0.000229 seconds.
  path: Assets/Scenes/그림3.png
  artifactKey: Guid(a0202a7c427e33645a2aa27b251cc1a0) Importer(815301076,1909f56bfc062723c751e8b465ee728b)
Start importing Assets/Scenes/그림3.png using Guid(a0202a7c427e33645a2aa27b251cc1a0) Importer(815301076,1909f56bfc062723c751e8b465ee728b)  -> (artifact id: '17d8fb5cca526b1364edfdac6ef39eed') in 0.031171 seconds 
  Import took 0.034528 seconds .

========================================================================
Received Import Request.
  Time since last request: 0.000435 seconds.
  path: Assets/Scenes/그림4.png
  artifactKey: Guid(b46eab5bceb2b4c4c9088d425c33faf6) Importer(815301076,1909f56bfc062723c751e8b465ee728b)
Start importing Assets/Scenes/그림4.png using Guid(b46eab5bceb2b4c4c9088d425c33faf6) Importer(815301076,1909f56bfc062723c751e8b465ee728b)  -> (artifact id: '3dc561aef05f55626cdcde5bbbc59586') in 0.016290 seconds 
  Import took 0.020749 seconds .

========================================================================
Received Import Request.
  Time since last request: 0.000265 seconds.
  path: Assets/Scenes/그림4 1.png
  artifactKey: Guid(3d013894b5fb9b845b5f12e992dd21c2) Importer(815301076,1909f56bfc062723c751e8b465ee728b)
Start importing Assets/Scenes/그림4 1.png using Guid(3d013894b5fb9b845b5f12e992dd21c2) Importer(815301076,1909f56bfc062723c751e8b465ee728b)  -> (artifact id: 'edc246bd4e9f78f35b5ef74389f27024') in 0.015834 seconds 
  Import took 0.020145 seconds .

========================================================================
Received Import Request.
  Time since last request: 0.000347 seconds.
  path: Assets/Scenes/그림5.png
  artifactKey: Guid(0cbfcac3c73236b4abd92c155d406d9a) Importer(815301076,1909f56bfc062723c751e8b465ee728b)
Start importing Assets/Scenes/그림5.png using Guid(0cbfcac3c73236b4abd92c155d406d9a) Importer(815301076,1909f56bfc062723c751e8b465ee728b)  -> (artifact id: '5d37acdd75e38d6e665791289499547d') in 0.021295 seconds 
  Import took 0.024953 seconds .

========================================================================
Received Import Request.
  Time since last request: 102.501731 seconds.
  path: Assets/DollyZoomScript.cs
  artifactKey: Guid(50be412f9ad1a074fb50d58e2e5217fc) Importer(815301076,1909f56bfc062723c751e8b465ee728b)
Start importing Assets/DollyZoomScript.cs using Guid(50be412f9ad1a074fb50d58e2e5217fc) Importer(815301076,1909f56bfc062723c751e8b465ee728b)  -> (artifact id: '8414a382b572d6b44e582b6e12c898a4') in 0.497648 seconds 
  Import took 0.501209 seconds .

========================================================================
Received Prepare
Registering precompiled user dll's ...
Registered in 0.003488 seconds.
Begin MonoManager ReloadAssembly
Native extension for OSXStandalone target not found
Native extension for WebGL target not found
Refreshing native plugins compatible for Editor in 0.78 ms, found 2 plugins.
Preloading 0 native plugins for Editor in 0.00 ms.
Mono: successfully reloaded assembly
- Completed reload, in  1.867 seconds
Domain Reload Profiling:
	ReloadAssembly (1869ms)
		BeginReloadAssembly (303ms)
			ExecutionOrderSort (0ms)
			DisableScriptedObjects (20ms)
			BackupInstance (0ms)
			ReleaseScriptingObjects (1ms)
			CreateAndSetChildDomain (174ms)
		EndReloadAssembly (1441ms)
			LoadAssemblies (139ms)
			RebuildTransferFunctionScriptingTraits (0ms)
			SetupTypeCache (576ms)
			ReleaseScriptCaches (1ms)
			RebuildScriptCaches (72ms)
			SetupLoadedEditorAssemblies (458ms)
				LogAssemblyErrors (0ms)
				InitializePlatformSupportModulesInManaged (10ms)
				SetLoadedEditorAssemblies (1ms)
				RefreshPlugins (1ms)
				BeforeProcessingInitializeOnLoad (108ms)
				ProcessInitializeOnLoadAttributes (321ms)
				ProcessInitializeOnLoadMethodAttributes (16ms)
				AfterProcessingInitializeOnLoad (1ms)
				EditorAssembliesLoaded (0ms)
			ExecutionOrderSort2 (0ms)
			AwakeInstancesAfterBackupRestoration (10ms)
Platform modules already initialized, skipping
Refreshing native plugins compatible for Editor in 0.75 ms, found 2 plugins.
Preloading 0 native plugins for Editor in 0.00 ms.
Unloading 1591 Unused Serialized files (Serialized files now loaded: 0)
System memory in use before: 182.7 MB.
System memory in use after: 182.8 MB.

Unloading 15 unused Assets to reduce memory usage. Loaded Objects now: 2072.
Total: 2.841084 ms (FindLiveObjects: 0.385696 ms CreateObjectMapping: 0.114062 ms MarkObjects: 2.284603 ms  DeleteObjects: 0.055059 ms)

AssetImportParameters requested are different than current active one (requested -> active):
  custom:video-decoder-ogg-theora: a1e56fd34408186e4bbccfd4996cb3dc -> 
  custom:container-muxer-webm: aa71ff27fc2769a1b78a27578f13a17b -> 
  custom:container-demuxer-webm: 4f35f7cbe854078d1ac9338744f61a02 -> 
  custom:container-demuxer-ogg: 62fdf1f143b41e24485cea50d1cbac27 -> 
  custom:video-encoder-webm-vp8: eb34c28f22e8b96e1ab97ce403110664 -> 
  custom:framework-osx-AVFoundation: e770b220cccbd017edd2c1fefb359320 -> 
  custom:video-decoder-webm-vp8: 9c59270c3fd7afecdb556c50c9e8de78 -> 
  custom:audio-decoder-ogg-vorbis: bf7c407c2cedff20999df2af8eb42d56 -> 
  custom:audio-encoder-webm-vorbis: bf7c407c2cedff20999df2af8eb42d56 -> 
========================================================================
Received Import Request.
  Time since last request: 4522.466148 seconds.
  path: Assets/EnemyRespawnScript.cs
  artifactKey: Guid(bc100e96b2b6a7449a86a4aac3e64eed) Importer(815301076,1909f56bfc062723c751e8b465ee728b)
Start importing Assets/EnemyRespawnScript.cs using Guid(bc100e96b2b6a7449a86a4aac3e64eed) Importer(815301076,1909f56bfc062723c751e8b465ee728b)  -> (artifact id: '9bbcd884ea6546175efe1b8ad09b69f7') in 0.035942 seconds 
  Import took 0.041489 seconds .

